Using pre-set license
Built from '2020.3/staging' branch; Version is '2020.3.0f1 (c7b5465681fb) revision 13088070'; Using compiler version '192528614'; Build Type 'Release'
OS: 'Windows 10 Home; OS build 19043.1706; Version 2009; 64bit' Language: 'en' Physical Memory: 16315 MB
BatchMode: 1, IsHumanControllingUs: 0, StartBugReporterOnCrash: 0, Is64bit: 1, IsPro: 0

 COMMAND LINE ARGUMENTS:
C:\Program Files\Unity\Hub\Editor\2020.3.0f1\Editor\Unity.exe
-adb2
-batchMode
-noUpm
-name
AssetImportWorker0
-projectPath
C:/Users/Jed/Documents/GitHub/Islander/Grids
-logFile
Logs/AssetImportWorker0.log
-srvPort
63684
Successfully changed project path to: C:/Users/Jed/Documents/GitHub/Islander/Grids
C:/Users/Jed/Documents/GitHub/Islander/Grids
Using Asset Import Pipeline V2.
Refreshing native plugins compatible for Editor in 29.39 ms, found 1 plugins.
Preloading 0 native plugins for Editor in 0.00 ms.
Initialize engine version: 2020.3.0f1 (c7b5465681fb)
[Subsystems] Discovering subsystems at path C:/Program Files/Unity/Hub/Editor/2020.3.0f1/Editor/Data/Resources/UnitySubsystems
[Subsystems] Discovering subsystems at path C:/Users/Jed/Documents/GitHub/Islander/Grids/Assets
GfxDevice: creating device client; threaded=0
Direct3D:
    Version:  Direct3D 11.0 [level 11.1]
    Renderer: NVIDIA GeForce RTX 2060 (ID=0x1f08)
    Vendor:   
    VRAM:     5980 MB
    Driver:   27.21.14.6089
Initialize mono
Mono path[0] = 'C:/Program Files/Unity/Hub/Editor/2020.3.0f1/Editor/Data/Managed'
Mono path[1] = 'C:/Program Files/Unity/Hub/Editor/2020.3.0f1/Editor/Data/MonoBleedingEdge/lib/mono/unityjit'
Mono config path = 'C:/Program Files/Unity/Hub/Editor/2020.3.0f1/Editor/Data/MonoBleedingEdge/etc'
Using monoOptions --debugger-agent=transport=dt_socket,embedding=1,server=y,suspend=n,address=127.0.0.1:56004
Begin MonoManager ReloadAssembly
Registering precompiled unity dll's ...
Register platform support module: C:/Program Files/Unity/Hub/Editor/2020.3.0f1/Editor/Data/PlaybackEngines/WindowsStandaloneSupport/UnityEditor.WindowsStandalone.Extensions.dll
Registered in 0.001492 seconds.
Native extension for WindowsStandalone target not found
Refreshing native plugins compatible for Editor in 29.91 ms, found 1 plugins.
Preloading 0 native plugins for Editor in 0.00 ms.
Invoked RoslynAnalysisRunner static constructor.
RoslynAnalysisRunner will not be running.
RoslynAnalysisRunner has terminated.
Mono: successfully reloaded assembly
- Completed reload, in  0.817 seconds
Platform modules already initialized, skipping
Registering precompiled user dll's ...
Registered in 0.000925 seconds.
Begin MonoManager ReloadAssembly
Native extension for WindowsStandalone target not found
Refreshing native plugins compatible for Editor in 31.03 ms, found 1 plugins.
Preloading 0 native plugins for Editor in 0.00 ms.
Invoked RoslynAnalysisRunner static constructor.
RoslynAnalysisRunner will not be running.
RoslynAnalysisRunner has terminated.
Mono: successfully reloaded assembly
- Completed reload, in  0.731 seconds
Platform modules already initialized, skipping
========================================================================
Worker process is ready to serve import requests
Launched and connected shader compiler UnityShaderCompiler.exe after 0.03 seconds
Refreshing native plugins compatible for Editor in 0.29 ms, found 1 plugins.
Preloading 0 native plugins for Editor in 0.00 ms.
Unloading 1806 Unused Serialized files (Serialized files now loaded: 0)
System memory in use before: 84.5 MB.
System memory in use after: 84.5 MB.

Unloading 24 unused Assets to reduce memory usage. Loaded Objects now: 2248.
Total: 1.844600 ms (FindLiveObjects: 0.149100 ms CreateObjectMapping: 0.060200 ms MarkObjects: 1.498000 ms  DeleteObjects: 0.136300 ms)

========================================================================
Received Import Request.
  path: Assets/Scenes
  artifactKey: Guid(7367b3bb4a97a9e4b93d554bb2f03562) Importer(815301076,1909f56bfc062723c751e8b465ee728b)
Start importing Assets/Scenes using Guid(7367b3bb4a97a9e4b93d554bb2f03562) Importer(815301076,1909f56bfc062723c751e8b465ee728b)  -> (artifact id: '57e33ab88de93409615fe4c6a30b5d95') in 0.006687 seconds
  Import took 0.009122 seconds .

========================================================================
Received Import Request.
  Time since last request: 5.913495 seconds.
  path: Assets/Spritesheet/abstractTiles_sheet.png
  artifactKey: Guid(35850f7c7e7282c4e8894bb56400e993) Importer(815301076,1909f56bfc062723c751e8b465ee728b)
Start importing Assets/Spritesheet/abstractTiles_sheet.png using Guid(35850f7c7e7282c4e8894bb56400e993) Importer(815301076,1909f56bfc062723c751e8b465ee728b)  -> (artifact id: '068bb7daa897f7c606a72625a63d064a') in 0.097511 seconds
  Import took 0.100382 seconds .

========================================================================
Received Import Request.
  Time since last request: 0.000257 seconds.
  path: Assets/Spritesheet/allTiles_sheet.png
  artifactKey: Guid(cc2be3c4dde23aa48bd4c45a550a4170) Importer(815301076,1909f56bfc062723c751e8b465ee728b)
Start importing Assets/Spritesheet/allTiles_sheet.png using Guid(cc2be3c4dde23aa48bd4c45a550a4170) Importer(815301076,1909f56bfc062723c751e8b465ee728b)  -> (artifact id: 'bd1e0959fd15cd6f7460b2c722caf3dd') in 0.025791 seconds
  Import took 0.027972 seconds .

========================================================================
Received Import Request.
  Time since last request: 0.000222 seconds.
  path: Assets/Spritesheet/platformerTiles_sheet.png
  artifactKey: Guid(e6ccfd5dceb6bec448093f90a47191a2) Importer(815301076,1909f56bfc062723c751e8b465ee728b)
Start importing Assets/Spritesheet/platformerTiles_sheet.png using Guid(e6ccfd5dceb6bec448093f90a47191a2) Importer(815301076,1909f56bfc062723c751e8b465ee728b)  -> (artifact id: 'dc16bd172a3281b7c4efe47544169bf8') in 0.012098 seconds
  Import took 0.014300 seconds .

========================================================================
Received Import Request.
  Time since last request: 0.000230 seconds.
  path: Assets/Spritesheet/voxelTiles_sheet.png
  artifactKey: Guid(6e8111ea708724b46989f5556da24440) Importer(815301076,1909f56bfc062723c751e8b465ee728b)
Start importing Assets/Spritesheet/voxelTiles_sheet.png using Guid(6e8111ea708724b46989f5556da24440) Importer(815301076,1909f56bfc062723c751e8b465ee728b)  -> (artifact id: '92ff8992b33be6126061359680e42801') in 0.012748 seconds
  Import took 0.015369 seconds .

========================================================================
Received Import Request.
  Time since last request: 21.179492 seconds.
  path: Assets/Spritesheet/New Palette.prefab
  artifactKey: Guid(b4955259b87b4c64ca195ca763d4ce28) Importer(815301076,1909f56bfc062723c751e8b465ee728b)
Start importing Assets/Spritesheet/New Palette.prefab using Guid(b4955259b87b4c64ca195ca763d4ce28) Importer(815301076,1909f56bfc062723c751e8b465ee728b)  -> (artifact id: 'c494cb2077bf6bfaba6b7216ddc07649') in 0.013513 seconds
  Import took 0.016228 seconds .

========================================================================
Received Import Request.
  Time since last request: 18.444056 seconds.
  path: Assets/Spritesheet/allTiles_sheet.asset
  artifactKey: Guid(7f41680be7002fb429243cccd527a127) Importer(815301076,1909f56bfc062723c751e8b465ee728b)
Start importing Assets/Spritesheet/allTiles_sheet.asset using Guid(7f41680be7002fb429243cccd527a127) Importer(815301076,1909f56bfc062723c751e8b465ee728b)  -> (artifact id: '3918478f9b64738c5fe160fd0f652b9f') in 0.042508 seconds
  Import took 0.045014 seconds .

========================================================================
Received Import Request.
  Time since last request: 0.000191 seconds.
  path: Assets/Spritesheet/New Palette.prefab
  artifactKey: Guid(b4955259b87b4c64ca195ca763d4ce28) Importer(815301076,1909f56bfc062723c751e8b465ee728b)
Start importing Assets/Spritesheet/New Palette.prefab using Guid(b4955259b87b4c64ca195ca763d4ce28) Importer(815301076,1909f56bfc062723c751e8b465ee728b)  -> (artifact id: 'af07fdab68d86a676236b7cb0d84b602') in 0.003281 seconds
  Import took 0.005542 seconds .

========================================================================
Received Import Request.
  Time since last request: 203.176923 seconds.
  path: ProjectSettings/TagManager.asset
  artifactKey: Guid(00000000000000003000000000000000) Importer(815301076,1909f56bfc062723c751e8b465ee728b)
Start importing ProjectSettings/TagManager.asset using Guid(00000000000000003000000000000000) Importer(815301076,1909f56bfc062723c751e8b465ee728b)  -> (artifact id: '779d5949113fa91bb85f64f090860d93') in 0.004874 seconds
  Import took 0.007893 seconds .

========================================================================
Received Import Request.
  Time since last request: 0.000501 seconds.
  path: ProjectSettings/TagManager.asset
  artifactKey: Guid(00000000000000003000000000000000) Importer(815301076,1909f56bfc062723c751e8b465ee728b)
Start importing ProjectSettings/TagManager.asset using Guid(00000000000000003000000000000000) Importer(815301076,1909f56bfc062723c751e8b465ee728b)  -> (artifact id: '779d5949113fa91bb85f64f090860d93') in 0.002371 seconds
  Import took 0.004897 seconds .

========================================================================
Received Import Request.
  Time since last request: 157.147305 seconds.
  path: Assets/PNG/Abstract tiles/abstractTile_01.png
  artifactKey: Guid(4505afc494ecbc343af108b013b0b773) Importer(815301076,1909f56bfc062723c751e8b465ee728b)
Start importing Assets/PNG/Abstract tiles/abstractTile_01.png using Guid(4505afc494ecbc343af108b013b0b773) Importer(815301076,1909f56bfc062723c751e8b465ee728b)  -> (artifact id: 'cf8855267e081fc871b501383676953d') in 0.013639 seconds
  Import took 0.016366 seconds .

========================================================================
Received Import Request.
  Time since last request: 0.000236 seconds.
  path: Assets/PNG/Abstract tiles/abstractTile_20.png
  artifactKey: Guid(323c982ad543c3f40b564421b9d94055) Importer(815301076,1909f56bfc062723c751e8b465ee728b)
Start importing Assets/PNG/Abstract tiles/abstractTile_20.png using Guid(323c982ad543c3f40b564421b9d94055) Importer(815301076,1909f56bfc062723c751e8b465ee728b)  -> (artifact id: 'e82123585895657e4e830ad279da04f3') in 0.010829 seconds
  Import took 0.013317 seconds .

========================================================================
Received Import Request.
  Time since last request: 0.000165 seconds.
  path: Assets/PNG/Abstract tiles/abstractTile_17.png
  artifactKey: Guid(ed9450826f16eb545bf25dbcb309eebd) Importer(815301076,1909f56bfc062723c751e8b465ee728b)
Start importing Assets/PNG/Abstract tiles/abstractTile_17.png using Guid(ed9450826f16eb545bf25dbcb309eebd) Importer(815301076,1909f56bfc062723c751e8b465ee728b)  -> (artifact id: '29b8c09f58a5e41495f9e13769c07db5') in 0.010544 seconds
  Import took 0.012823 seconds .

========================================================================
Received Import Request.
  Time since last request: 0.000315 seconds.
  path: Assets/PNG/Abstract tiles/abstractTile_28.png
  artifactKey: Guid(8427d7e1853bfc942bc299034cad6d03) Importer(815301076,1909f56bfc062723c751e8b465ee728b)
Start importing Assets/PNG/Abstract tiles/abstractTile_28.png using Guid(8427d7e1853bfc942bc299034cad6d03) Importer(815301076,1909f56bfc062723c751e8b465ee728b)  -> (artifact id: '36322d6863deaab29f1ad58c454415a2') in 0.014747 seconds
  Import took 0.017144 seconds .

========================================================================
Received Import Request.
  Time since last request: 0.000172 seconds.
  path: Assets/PNG/Abstract tiles/abstractTile_03.png
  artifactKey: Guid(9c1766e17c0885a4b816a36c4eb8732d) Importer(815301076,1909f56bfc062723c751e8b465ee728b)
Start importing Assets/PNG/Abstract tiles/abstractTile_03.png using Guid(9c1766e17c0885a4b816a36c4eb8732d) Importer(815301076,1909f56bfc062723c751e8b465ee728b)  -> (artifact id: '3f4a8453052a1297850b689f2692b503') in 0.010262 seconds
  Import took 0.012959 seconds .

========================================================================
Received Import Request.
  Time since last request: 0.000176 seconds.
  path: Assets/PNG/Abstract tiles/abstractTile_09.png
  artifactKey: Guid(8a018123a723a814eb2bee771edfbc50) Importer(815301076,1909f56bfc062723c751e8b465ee728b)
Start importing Assets/PNG/Abstract tiles/abstractTile_09.png using Guid(8a018123a723a814eb2bee771edfbc50) Importer(815301076,1909f56bfc062723c751e8b465ee728b)  -> (artifact id: 'f981d6590d9ba4ac5d5086075d52c8c1') in 0.010044 seconds
  Import took 0.012885 seconds .

========================================================================
Received Import Request.
  Time since last request: 0.000225 seconds.
  path: Assets/PNG/Abstract tiles/abstractTile_12.png
  artifactKey: Guid(1a1b04495fbb78f40b033c0177757d49) Importer(815301076,1909f56bfc062723c751e8b465ee728b)
Start importing Assets/PNG/Abstract tiles/abstractTile_12.png using Guid(1a1b04495fbb78f40b033c0177757d49) Importer(815301076,1909f56bfc062723c751e8b465ee728b)  -> (artifact id: '7a0df1f6a25e855d22ba6fa684dcc4f8') in 0.010452 seconds
  Import took 0.013124 seconds .

========================================================================
Received Import Request.
  Time since last request: 0.000197 seconds.
  path: Assets/PNG/Abstract tiles/abstractTile_14.png
  artifactKey: Guid(49e6261b9332a304a8538482b07e7fe1) Importer(815301076,1909f56bfc062723c751e8b465ee728b)
Start importing Assets/PNG/Abstract tiles/abstractTile_14.png using Guid(49e6261b9332a304a8538482b07e7fe1) Importer(815301076,1909f56bfc062723c751e8b465ee728b)  -> (artifact id: 'dcf13e94cfafcb4ec9c2faa707481b30') in 0.010355 seconds
  Import took 0.012875 seconds .

========================================================================
Received Import Request.
  Time since last request: 0.000179 seconds.
  path: Assets/PNG/Abstract tiles/abstractTile_16.png
  artifactKey: Guid(e75ec328941a969419164a3bfd62d5ca) Importer(815301076,1909f56bfc062723c751e8b465ee728b)
Start importing Assets/PNG/Abstract tiles/abstractTile_16.png using Guid(e75ec328941a969419164a3bfd62d5ca) Importer(815301076,1909f56bfc062723c751e8b465ee728b)  -> (artifact id: '6fa568a70dbc6a20d093cbb2a574ad38') in 0.010358 seconds
  Import took 0.012659 seconds .

========================================================================
Received Import Request.
  Time since last request: 0.000218 seconds.
  path: Assets/PNG/Abstract tiles/abstractTile_25.png
  artifactKey: Guid(e9d3886cf44a59644a7f03b7ba97c540) Importer(815301076,1909f56bfc062723c751e8b465ee728b)
Start importing Assets/PNG/Abstract tiles/abstractTile_25.png using Guid(e9d3886cf44a59644a7f03b7ba97c540) Importer(815301076,1909f56bfc062723c751e8b465ee728b)  -> (artifact id: 'f8ec9d306629245ff79ac18e1ac6d0dd') in 0.010139 seconds
  Import took 0.012887 seconds .

========================================================================
Received Import Request.
  Time since last request: 0.000207 seconds.
  path: Assets/PNG/Abstract tiles/abstractTile_31.png
  artifactKey: Guid(8f82a6040c52176408735f4c88a07d67) Importer(815301076,1909f56bfc062723c751e8b465ee728b)
Start importing Assets/PNG/Abstract tiles/abstractTile_31.png using Guid(8f82a6040c52176408735f4c88a07d67) Importer(815301076,1909f56bfc062723c751e8b465ee728b)  -> (artifact id: '90421f8c737325c700ed93eb0483bd14') in 0.010108 seconds
  Import took 0.012657 seconds .

========================================================================
Received Import Request.
  Time since last request: 0.000177 seconds.
  path: Assets/PNG/Abstract tiles/abstractTile_08.png
  artifactKey: Guid(52d88936efcfc014ebe5cc4347e38cc3) Importer(815301076,1909f56bfc062723c751e8b465ee728b)
Start importing Assets/PNG/Abstract tiles/abstractTile_08.png using Guid(52d88936efcfc014ebe5cc4347e38cc3) Importer(815301076,1909f56bfc062723c751e8b465ee728b)  -> (artifact id: '6a1eb40f7c95a5bc8de33affc7693e39') in 0.009961 seconds
  Import took 0.012413 seconds .

========================================================================
Received Import Request.
  Time since last request: 0.000211 seconds.
  path: Assets/PNG/Abstract tiles/abstractTile_30.png
  artifactKey: Guid(82056186645e56f49a2477d0506569f1) Importer(815301076,1909f56bfc062723c751e8b465ee728b)
Start importing Assets/PNG/Abstract tiles/abstractTile_30.png using Guid(82056186645e56f49a2477d0506569f1) Importer(815301076,1909f56bfc062723c751e8b465ee728b)  -> (artifact id: '76efeacbda1e21d47e7293842cbbbce1') in 0.009822 seconds
  Import took 0.012074 seconds .

========================================================================
Received Import Request.
  Time since last request: 0.000200 seconds.
  path: Assets/PNG/Abstract tiles/abstractTile_32.png
  artifactKey: Guid(dbcc843c55bac874b82e78408634dd4a) Importer(815301076,1909f56bfc062723c751e8b465ee728b)
Start importing Assets/PNG/Abstract tiles/abstractTile_32.png using Guid(dbcc843c55bac874b82e78408634dd4a) Importer(815301076,1909f56bfc062723c751e8b465ee728b)  -> (artifact id: '3bee626b5de494c4464a6d65f6d64c88') in 0.009238 seconds
  Import took 0.011772 seconds .

========================================================================
Received Import Request.
  Time since last request: 0.000203 seconds.
  path: Assets/PNG/Abstract tiles/abstractTile_26.png
  artifactKey: Guid(9be7abc7f94c9964ca8ad4f546414692) Importer(815301076,1909f56bfc062723c751e8b465ee728b)
Start importing Assets/PNG/Abstract tiles/abstractTile_26.png using Guid(9be7abc7f94c9964ca8ad4f546414692) Importer(815301076,1909f56bfc062723c751e8b465ee728b)  -> (artifact id: '60ac7d8be4c9dd2aef2112fdb34c6719') in 0.010345 seconds
  Import took 0.012886 seconds .

========================================================================
Received Import Request.
  Time since last request: 0.000237 seconds.
  path: Assets/PNG/Abstract tiles/abstractTile_13.png
  artifactKey: Guid(68a918bfb49150a4aa144330b39e72f0) Importer(815301076,1909f56bfc062723c751e8b465ee728b)
Start importing Assets/PNG/Abstract tiles/abstractTile_13.png using Guid(68a918bfb49150a4aa144330b39e72f0) Importer(815301076,1909f56bfc062723c751e8b465ee728b)  -> (artifact id: 'ff1d4f7d47ebcccbaa838f171fb9a3f8') in 0.009503 seconds
  Import took 0.012212 seconds .

========================================================================
Received Import Request.
  Time since last request: 0.000212 seconds.
  path: Assets/PNG/Abstract tiles/abstractTile_04.png
  artifactKey: Guid(cf1b3b156b7006c44a33053dc4222eb3) Importer(815301076,1909f56bfc062723c751e8b465ee728b)
Start importing Assets/PNG/Abstract tiles/abstractTile_04.png using Guid(cf1b3b156b7006c44a33053dc4222eb3) Importer(815301076,1909f56bfc062723c751e8b465ee728b)  -> (artifact id: 'f5cfb1803a4e15eb6758455ac1025357') in 0.009999 seconds
  Import took 0.012450 seconds .

========================================================================
Received Import Request.
  Time since last request: 0.000259 seconds.
  path: Assets/PNG/Abstract tiles/abstractTile_06.png
  artifactKey: Guid(53bd52ff5276e7844a4bc842b3d16654) Importer(815301076,1909f56bfc062723c751e8b465ee728b)
Start importing Assets/PNG/Abstract tiles/abstractTile_06.png using Guid(53bd52ff5276e7844a4bc842b3d16654) Importer(815301076,1909f56bfc062723c751e8b465ee728b)  -> (artifact id: 'f07b6a5fdb3f07c1496753d1d9afd72c') in 0.009920 seconds
  Import took 0.012619 seconds .

========================================================================
Received Import Request.
  Time since last request: 0.000213 seconds.
  path: Assets/PNG/Abstract tiles/abstractTile_19.png
  artifactKey: Guid(8e01fa4550a1b8e4b91c0f490f00af45) Importer(815301076,1909f56bfc062723c751e8b465ee728b)
Start importing Assets/PNG/Abstract tiles/abstractTile_19.png using Guid(8e01fa4550a1b8e4b91c0f490f00af45) Importer(815301076,1909f56bfc062723c751e8b465ee728b)  -> (artifact id: '89ef4b58c4a0b9f1a832c21d6bb7b8a8') in 0.010328 seconds
  Import took 0.012993 seconds .

========================================================================
Received Import Request.
  Time since last request: 0.000253 seconds.
  path: Assets/PNG/Abstract tiles/abstractTile_10.png
  artifactKey: Guid(534a062033ca34643b6c23425c968ac6) Importer(815301076,1909f56bfc062723c751e8b465ee728b)
Start importing Assets/PNG/Abstract tiles/abstractTile_10.png using Guid(534a062033ca34643b6c23425c968ac6) Importer(815301076,1909f56bfc062723c751e8b465ee728b)  -> (artifact id: 'a842da7d026a9d817a3508450526470e') in 0.009997 seconds
  Import took 0.012482 seconds .

========================================================================
Received Import Request.
  Time since last request: 0.000189 seconds.
  path: Assets/PNG/Abstract tiles/abstractTile_21.png
  artifactKey: Guid(e8e65b410084a6f41b3b12f4ee57eb20) Importer(815301076,1909f56bfc062723c751e8b465ee728b)
Start importing Assets/PNG/Abstract tiles/abstractTile_21.png using Guid(e8e65b410084a6f41b3b12f4ee57eb20) Importer(815301076,1909f56bfc062723c751e8b465ee728b)  -> (artifact id: '8576a96e0c669e4f631b17ed62166062') in 0.010607 seconds
  Import took 0.013123 seconds .

========================================================================
Received Import Request.
  Time since last request: 0.000224 seconds.
  path: Assets/PNG/Abstract tiles/abstractTile_18.png
  artifactKey: Guid(c3badb6f93652a94a970f652858bf53d) Importer(815301076,1909f56bfc062723c751e8b465ee728b)
Start importing Assets/PNG/Abstract tiles/abstractTile_18.png using Guid(c3badb6f93652a94a970f652858bf53d) Importer(815301076,1909f56bfc062723c751e8b465ee728b)  -> (artifact id: '5f7c3cd55a215f2a6a423122081af6a9') in 0.010797 seconds
  Import took 0.013161 seconds .

========================================================================
Received Import Request.
  Time since last request: 0.000192 seconds.
  path: Assets/PNG/Abstract tiles/abstractTile_24.png
  artifactKey: Guid(e1c92b6fa81dd344389962d5553caeba) Importer(815301076,1909f56bfc062723c751e8b465ee728b)
Start importing Assets/PNG/Abstract tiles/abstractTile_24.png using Guid(e1c92b6fa81dd344389962d5553caeba) Importer(815301076,1909f56bfc062723c751e8b465ee728b)  -> (artifact id: 'f0e45bada2e03c90a52206072edd74a9') in 0.010327 seconds
  Import took 0.012920 seconds .

========================================================================
Received Import Request.
  Time since last request: 0.000229 seconds.
  path: Assets/PNG/Abstract tiles/abstractTile_27.png
  artifactKey: Guid(22bb7a32fc786224abe5a45f385040ef) Importer(815301076,1909f56bfc062723c751e8b465ee728b)
Start importing Assets/PNG/Abstract tiles/abstractTile_27.png using Guid(22bb7a32fc786224abe5a45f385040ef) Importer(815301076,1909f56bfc062723c751e8b465ee728b)  -> (artifact id: 'af16ca5a5b70e7bc530fc507c8c19664') in 0.011444 seconds
  Import took 0.013949 seconds .

========================================================================
Received Import Request.
  Time since last request: 0.000250 seconds.
  path: Assets/PNG/Abstract tiles/abstractTile_29.png
  artifactKey: Guid(735a138d4ced32d41baa01e9fe592209) Importer(815301076,1909f56bfc062723c751e8b465ee728b)
Start importing Assets/PNG/Abstract tiles/abstractTile_29.png using Guid(735a138d4ced32d41baa01e9fe592209) Importer(815301076,1909f56bfc062723c751e8b465ee728b)  -> (artifact id: 'b858e0b8eb34cf2d9d2eb2f0b15cf1fc') in 0.009705 seconds
  Import took 0.012203 seconds .

========================================================================
Received Import Request.
  Time since last request: 0.000185 seconds.
  path: Assets/PNG/Abstract tiles/abstractTile_05.png
  artifactKey: Guid(fc549aef75b37a5478520c8db26c2f89) Importer(815301076,1909f56bfc062723c751e8b465ee728b)
Start importing Assets/PNG/Abstract tiles/abstractTile_05.png using Guid(fc549aef75b37a5478520c8db26c2f89) Importer(815301076,1909f56bfc062723c751e8b465ee728b)  -> (artifact id: '15e8369a29ca2a7823508f95c386eeed') in 0.009717 seconds
  Import took 0.012095 seconds .

========================================================================
Received Import Request.
  Time since last request: 0.000259 seconds.
  path: Assets/PNG/Abstract tiles/abstractTile_15.png
  artifactKey: Guid(34aba1ef769b46c44bcb921152386f3a) Importer(815301076,1909f56bfc062723c751e8b465ee728b)
Start importing Assets/PNG/Abstract tiles/abstractTile_15.png using Guid(34aba1ef769b46c44bcb921152386f3a) Importer(815301076,1909f56bfc062723c751e8b465ee728b)  -> (artifact id: '63ef14c70aa79bf7e8bcf1057f831a83') in 0.010064 seconds
  Import took 0.012545 seconds .

========================================================================
Received Import Request.
  Time since last request: 0.000219 seconds.
  path: Assets/PNG/Abstract tiles/abstractTile_02.png
  artifactKey: Guid(8efdce2114824e14db2ff1dd44346efc) Importer(815301076,1909f56bfc062723c751e8b465ee728b)
Start importing Assets/PNG/Abstract tiles/abstractTile_02.png using Guid(8efdce2114824e14db2ff1dd44346efc) Importer(815301076,1909f56bfc062723c751e8b465ee728b)  -> (artifact id: '67529a41c70fad8525c2bb9ff130d9e2') in 0.009873 seconds
  Import took 0.012365 seconds .

========================================================================
Received Import Request.
  Time since last request: 0.000220 seconds.
  path: Assets/PNG/Abstract tiles/abstractTile_11.png
  artifactKey: Guid(09b39ce67737f194e9f50bee7698e8cc) Importer(815301076,1909f56bfc062723c751e8b465ee728b)
Start importing Assets/PNG/Abstract tiles/abstractTile_11.png using Guid(09b39ce67737f194e9f50bee7698e8cc) Importer(815301076,1909f56bfc062723c751e8b465ee728b)  -> (artifact id: '0cae425ebacb73f9f6f08dc052c79786') in 0.009641 seconds
  Import took 0.012165 seconds .

========================================================================
Received Import Request.
  Time since last request: 0.000225 seconds.
  path: Assets/PNG/Abstract tiles/abstractTile_22.png
  artifactKey: Guid(8f0b0546fb6e4344a8067547d1c39bcc) Importer(815301076,1909f56bfc062723c751e8b465ee728b)
Start importing Assets/PNG/Abstract tiles/abstractTile_22.png using Guid(8f0b0546fb6e4344a8067547d1c39bcc) Importer(815301076,1909f56bfc062723c751e8b465ee728b)  -> (artifact id: '1447dd8b187327aa7e0be8086b3cf209') in 0.010462 seconds
  Import took 0.012797 seconds .

========================================================================
Received Import Request.
  Time since last request: 0.000200 seconds.
  path: Assets/PNG/Abstract tiles/abstractTile_23.png
  artifactKey: Guid(b730f8320de0f5e45affe9ad2e354cad) Importer(815301076,1909f56bfc062723c751e8b465ee728b)
Start importing Assets/PNG/Abstract tiles/abstractTile_23.png using Guid(b730f8320de0f5e45affe9ad2e354cad) Importer(815301076,1909f56bfc062723c751e8b465ee728b)  -> (artifact id: '592d950e3a9f98e48f562947d117ef8f') in 0.010088 seconds
  Import took 0.012488 seconds .

========================================================================
Received Import Request.
  Time since last request: 0.000177 seconds.
  path: Assets/PNG/Abstract tiles/abstractTile_07.png
  artifactKey: Guid(dcfb694cbec0a204ea2fdbc4526db4d2) Importer(815301076,1909f56bfc062723c751e8b465ee728b)
Start importing Assets/PNG/Abstract tiles/abstractTile_07.png using Guid(dcfb694cbec0a204ea2fdbc4526db4d2) Importer(815301076,1909f56bfc062723c751e8b465ee728b)  -> (artifact id: '259a9fe9243c3027752f4e22328c74d1') in 0.010339 seconds
  Import took 0.012781 seconds .

========================================================================
Received Import Request.
  Time since last request: 280.522598 seconds.
  path: Assets/PNG/Abstract tiles/IsometricDiamond.png
  artifactKey: Guid(0db64e7f5349bfa4ebcd111349101ec8) Importer(815301076,1909f56bfc062723c751e8b465ee728b)
Start importing Assets/PNG/Abstract tiles/IsometricDiamond.png using Guid(0db64e7f5349bfa4ebcd111349101ec8) Importer(815301076,1909f56bfc062723c751e8b465ee728b)  -> (artifact id: '159b76de99e58d4b45c51e6118bbc53c') in 0.010198 seconds
  Import took 0.013562 seconds .

========================================================================
Received Import Request.
  Time since last request: 32.269761 seconds.
  path: Assets/PNG/Abstract tiles/Isometric Diamond.asset
  artifactKey: Guid(93da7da5e35826f4c8f838cdfe6df07e) Importer(815301076,1909f56bfc062723c751e8b465ee728b)
Start importing Assets/PNG/Abstract tiles/Isometric Diamond.asset using Guid(93da7da5e35826f4c8f838cdfe6df07e) Importer(815301076,1909f56bfc062723c751e8b465ee728b)  -> (artifact id: '3f32cc5afe3cc35d09ca27274af2e0b4') in 0.008551 seconds
  Import took 0.011247 seconds .

========================================================================
Received Import Request.
  Time since last request: 115.534400 seconds.
  path: Assets/PNG/Abstract tiles/Isometric Palette.prefab
  artifactKey: Guid(679c43edde1d40d489f6f4a26d47a13b) Importer(815301076,1909f56bfc062723c751e8b465ee728b)
Start importing Assets/PNG/Abstract tiles/Isometric Palette.prefab using Guid(679c43edde1d40d489f6f4a26d47a13b) Importer(815301076,1909f56bfc062723c751e8b465ee728b)  -> (artifact id: '41e888210ffaa600e9d62b14f1f55e9f') in 0.006071 seconds
  Import took 0.009001 seconds .

========================================================================
Received Import Request.
  Time since last request: 14.574936 seconds.
  path: Assets/PNG/Abstract tiles/Isometric Diamond.asset
  artifactKey: Guid(93da7da5e35826f4c8f838cdfe6df07e) Importer(815301076,1909f56bfc062723c751e8b465ee728b)
Start importing Assets/PNG/Abstract tiles/Isometric Diamond.asset using Guid(93da7da5e35826f4c8f838cdfe6df07e) Importer(815301076,1909f56bfc062723c751e8b465ee728b)  -> (artifact id: '802786460ba7a8c01f671fab4eae2624') in 0.013106 seconds
  Import took 0.015774 seconds .

========================================================================
Received Import Request.
  Time since last request: 0.000221 seconds.
  path: Assets/PNG/Abstract tiles/IsometricDiamond 1.png
  artifactKey: Guid(08a2ad263315eea4493b15148302968a) Importer(815301076,1909f56bfc062723c751e8b465ee728b)
Start importing Assets/PNG/Abstract tiles/IsometricDiamond 1.png using Guid(08a2ad263315eea4493b15148302968a) Importer(815301076,1909f56bfc062723c751e8b465ee728b)  -> (artifact id: '22a46eb78cf521e0f9e350cc17e8b179') in 0.025635 seconds
  Import took 0.027900 seconds .

========================================================================
Received Import Request.
  Time since last request: 23.641466 seconds.
  path: Assets/PNG/Abstract tiles/2.asset
  artifactKey: Guid(96d05761f80eccf4aa3f8096c8096926) Importer(815301076,1909f56bfc062723c751e8b465ee728b)
Start importing Assets/PNG/Abstract tiles/2.asset using Guid(96d05761f80eccf4aa3f8096c8096926) Importer(815301076,1909f56bfc062723c751e8b465ee728b)  -> (artifact id: '19b2303e389e46caf869274b70d2cb86') in 0.017971 seconds
  Import took 0.020847 seconds .

========================================================================
Received Import Request.
  Time since last request: 7.328725 seconds.
  path: Assets/PNG/Abstract tiles/3.asset
  artifactKey: Guid(74c496a1938ccef45a1afa366c0955db) Importer(815301076,1909f56bfc062723c751e8b465ee728b)
Start importing Assets/PNG/Abstract tiles/3.asset using Guid(74c496a1938ccef45a1afa366c0955db) Importer(815301076,1909f56bfc062723c751e8b465ee728b)  -> (artifact id: 'ee1e7cb4dce20dfc732f5db0579224fc') in 0.008176 seconds
  Import took 0.011178 seconds .

========================================================================
Received Import Request.
  Time since last request: 52.510940 seconds.
  path: Assets/New Palette.prefab
  artifactKey: Guid(5ede75671a31407478704d161a8e4834) Importer(815301076,1909f56bfc062723c751e8b465ee728b)
Start importing Assets/New Palette.prefab using Guid(5ede75671a31407478704d161a8e4834) Importer(815301076,1909f56bfc062723c751e8b465ee728b)  -> (artifact id: '29c108850f3dbe3c81db9738c0a770c4') in 0.005760 seconds
  Import took 0.008394 seconds .

========================================================================
Received Prepare
Registering precompiled user dll's ...
Registered in 0.000983 seconds.
Begin MonoManager ReloadAssembly
Native extension for WindowsStandalone target not found
Refreshing native plugins compatible for Editor in 0.44 ms, found 1 plugins.
Preloading 0 native plugins for Editor in 0.00 ms.
Invoked RoslynAnalysisRunner static constructor.
RoslynAnalysisRunner will not be running.
RoslynAnalysisRunner has terminated.
Mono: successfully reloaded assembly
- Completed reload, in  0.678 seconds
Platform modules already initialized, skipping
Refreshing native plugins compatible for Editor in 0.40 ms, found 1 plugins.
Preloading 0 native plugins for Editor in 0.00 ms.
Unloading 1802 Unused Serialized files (Serialized files now loaded: 0)
System memory in use before: 87.7 MB.
System memory in use after: 87.7 MB.

Unloading 14 unused Assets to reduce memory usage. Loaded Objects now: 2267.
Total: 1.832600 ms (FindLiveObjects: 0.136200 ms CreateObjectMapping: 0.047300 ms MarkObjects: 1.522400 ms  DeleteObjects: 0.125800 ms)

========================================================================
Received Prepare
Registering precompiled user dll's ...
Registered in 0.000733 seconds.
Begin MonoManager ReloadAssembly
Native extension for WindowsStandalone target not found
Refreshing native plugins compatible for Editor in 0.31 ms, found 1 plugins.
Preloading 0 native plugins for Editor in 0.00 ms.
Invoked RoslynAnalysisRunner static constructor.
RoslynAnalysisRunner will not be running.
RoslynAnalysisRunner has terminated.
Mono: successfully reloaded assembly
- Completed reload, in  0.669 seconds
Platform modules already initialized, skipping
Refreshing native plugins compatible for Editor in 0.34 ms, found 1 plugins.
Preloading 0 native plugins for Editor in 0.00 ms.
Unloading 1803 Unused Serialized files (Serialized files now loaded: 0)
System memory in use before: 87.8 MB.
System memory in use after: 87.8 MB.

Unloading 12 unused Assets to reduce memory usage. Loaded Objects now: 2272.
Total: 1.639300 ms (FindLiveObjects: 0.148200 ms CreateObjectMapping: 0.053900 ms MarkObjects: 1.351800 ms  DeleteObjects: 0.084700 ms)

========================================================================
Received Prepare
Registering precompiled user dll's ...
Registered in 0.000894 seconds.
Begin MonoManager ReloadAssembly
Native extension for WindowsStandalone target not found
Refreshing native plugins compatible for Editor in 0.31 ms, found 1 plugins.
Preloading 0 native plugins for Editor in 0.00 ms.
Invoked RoslynAnalysisRunner static constructor.
RoslynAnalysisRunner will not be running.
RoslynAnalysisRunner has terminated.
Mono: successfully reloaded assembly
- Completed reload, in  0.677 seconds
Platform modules already initialized, skipping
Refreshing native plugins compatible for Editor in 0.31 ms, found 1 plugins.
Preloading 0 native plugins for Editor in 0.00 ms.
Unloading 1802 Unused Serialized files (Serialized files now loaded: 0)
System memory in use before: 87.8 MB.
System memory in use after: 87.8 MB.

Unloading 13 unused Assets to reduce memory usage. Loaded Objects now: 2275.
Total: 1.706400 ms (FindLiveObjects: 0.144700 ms CreateObjectMapping: 0.054100 ms MarkObjects: 1.420300 ms  DeleteObjects: 0.086500 ms)

========================================================================
Received Prepare
Registering precompiled user dll's ...
Registered in 0.000759 seconds.
Begin MonoManager ReloadAssembly
Native extension for WindowsStandalone target not found
Refreshing native plugins compatible for Editor in 0.33 ms, found 1 plugins.
Preloading 0 native plugins for Editor in 0.00 ms.
Invoked RoslynAnalysisRunner static constructor.
RoslynAnalysisRunner will not be running.
RoslynAnalysisRunner has terminated.
Mono: successfully reloaded assembly
- Completed reload, in  0.691 seconds
Platform modules already initialized, skipping
Refreshing native plugins compatible for Editor in 0.31 ms, found 1 plugins.
Preloading 0 native plugins for Editor in 0.00 ms.
Unloading 1803 Unused Serialized files (Serialized files now loaded: 0)
System memory in use before: 87.8 MB.
System memory in use after: 87.8 MB.

Unloading 12 unused Assets to reduce memory usage. Loaded Objects now: 2280.
Total: 1.826600 ms (FindLiveObjects: 0.238000 ms CreateObjectMapping: 0.061800 ms MarkObjects: 1.402500 ms  DeleteObjects: 0.123500 ms)

========================================================================
Received Import Request.
  Time since last request: 124.809532 seconds.
  path: Assets/Scrips/GridBuilding System.cs
  artifactKey: Guid(c64ba8ff5a5982447aa904cf79e9751d) Importer(815301076,1909f56bfc062723c751e8b465ee728b)
Start importing Assets/Scrips/GridBuilding System.cs using Guid(c64ba8ff5a5982447aa904cf79e9751d) Importer(815301076,1909f56bfc062723c751e8b465ee728b)  -> (artifact id: '9112221364e1e6973328554d4aa6cee5') in 0.013712 seconds
  Import took 0.016345 seconds .

========================================================================
Received Import Request.
  Time since last request: 255.511643 seconds.
  path: Assets/Scrips/Building.cs
  artifactKey: Guid(668a63044ab13b14aad12c506af5e9f2) Importer(815301076,1909f56bfc062723c751e8b465ee728b)
Start importing Assets/Scrips/Building.cs using Guid(668a63044ab13b14aad12c506af5e9f2) Importer(815301076,1909f56bfc062723c751e8b465ee728b)  -> (artifact id: 'a525ecc99e8ae6d0dd68067a2502334c') in 0.005178 seconds
  Import took 0.008276 seconds .

AssetImportWorkerClient::OnTransportError - code=2 error=End of file
