Using pre-set license
Built from '2021.3/staging' branch; Version is '2021.3.20f1 (577897200b8b) revision 5732503'; Using compiler version '192829333'; Build Type 'Release'
OS: 'Windows 11  (10.0.22621) 64bit Core' Language: 'en' Physical Memory: 32682 MB
BatchMode: 1, IsHumanControllingUs: 0, StartBugReporterOnCrash: 0, Is64bit: 1, IsPro: 1

COMMAND LINE ARGUMENTS:
C:\Program Files\Unity\Hub\Editor\2021.3.20f1\Editor\Unity.exe
-adb2
-batchMode
-noUpm
-name
AssetImportWorker0
-projectPath
C:/Users/Jed/Documents/GitHub/My project/Islander/Islander
-logFile
Logs/AssetImportWorker0.log
-srvPort
50002
Successfully changed project path to: C:/Users/Jed/Documents/GitHub/My project/Islander/Islander
C:/Users/Jed/Documents/GitHub/My project/Islander/Islander
[UnityMemory] Configuration Parameters - Can be set up in boot.config
    "memorysetup-bucket-allocator-granularity=16"
    "memorysetup-bucket-allocator-bucket-count=8"
    "memorysetup-bucket-allocator-block-size=33554432"
    "memorysetup-bucket-allocator-block-count=8"
    "memorysetup-main-allocator-block-size=16777216"
    "memorysetup-thread-allocator-block-size=16777216"
    "memorysetup-gfx-main-allocator-block-size=16777216"
    "memorysetup-gfx-thread-allocator-block-size=16777216"
    "memorysetup-cache-allocator-block-size=4194304"
    "memorysetup-typetree-allocator-block-size=2097152"
    "memorysetup-profiler-bucket-allocator-granularity=16"
    "memorysetup-profiler-bucket-allocator-bucket-count=8"
    "memorysetup-profiler-bucket-allocator-block-size=33554432"
    "memorysetup-profiler-bucket-allocator-block-count=8"
    "memorysetup-profiler-allocator-block-size=16777216"
    "memorysetup-profiler-editor-allocator-block-size=1048576"
    "memorysetup-temp-allocator-size-main=16777216"
    "memorysetup-job-temp-allocator-block-size=2097152"
    "memorysetup-job-temp-allocator-block-size-background=1048576"
    "memorysetup-job-temp-allocator-reduction-small-platforms=262144"
    "memorysetup-temp-allocator-size-background-worker=32768"
    "memorysetup-temp-allocator-size-job-worker=262144"
    "memorysetup-temp-allocator-size-preload-manager=33554432"
    "memorysetup-temp-allocator-size-nav-mesh-worker=65536"
    "memorysetup-temp-allocator-size-audio-worker=65536"
    "memorysetup-temp-allocator-size-cloud-worker=32768"
    "memorysetup-temp-allocator-size-gi-baking-worker=262144"
    "memorysetup-temp-allocator-size-gfx=262144"
Player connection [6060] Host "[IP] 192.168.8.103 [Port] 0 [Flags] 2 [Guid] 4180916449 [EditorId] 4180916449 [Version] 1048832 [Id] WindowsEditor(7,DESKTOP-OOMGHV5) [Debug] 1 [PackageName] WindowsEditor [ProjectName] Editor" joined multi-casting on [225.0.0.222:54997]...

Player connection [6060] Host "[IP] 192.168.8.103 [Port] 0 [Flags] 2 [Guid] 4180916449 [EditorId] 4180916449 [Version] 1048832 [Id] WindowsEditor(7,DESKTOP-OOMGHV5) [Debug] 1 [PackageName] WindowsEditor [ProjectName] Editor" joined alternative multi-casting on [225.0.0.222:34997]...

Refreshing native plugins compatible for Editor in 34.12 ms, found 4 plugins.
Preloading 0 native plugins for Editor in 0.00 ms.
Initialize engine version: 2021.3.20f1 (577897200b8b)
[Subsystems] Discovering subsystems at path C:/Program Files/Unity/Hub/Editor/2021.3.20f1/Editor/Data/Resources/UnitySubsystems
[Subsystems] Discovering subsystems at path C:/Users/Jed/Documents/GitHub/My project/Islander/Islander/Assets
GfxDevice: creating device client; threaded=0; jobified=0
Direct3D:
    Version:  Direct3D 11.0 [level 11.1]
    Renderer: NVIDIA GeForce RTX 3060 (ID=0x2487)
    Vendor:   NVIDIA
    VRAM:     12124 MB
    Driver:   31.0.15.3141
Initialize mono
Mono path[0] = 'C:/Program Files/Unity/Hub/Editor/2021.3.20f1/Editor/Data/Managed'
Mono path[1] = 'C:/Program Files/Unity/Hub/Editor/2021.3.20f1/Editor/Data/MonoBleedingEdge/lib/mono/unityjit-win32'
Mono config path = 'C:/Program Files/Unity/Hub/Editor/2021.3.20f1/Editor/Data/MonoBleedingEdge/etc'
Using monoOptions --debugger-agent=transport=dt_socket,embedding=1,server=y,suspend=n,address=127.0.0.1:56632
Begin MonoManager ReloadAssembly
Registering precompiled unity dll's ...
Register platform support module: C:/Program Files/Unity/Hub/Editor/2021.3.20f1/Editor/Data/PlaybackEngines/WebGLSupport/UnityEditor.WebGL.Extensions.dll
Register platform support module: C:/Program Files/Unity/Hub/Editor/2021.3.20f1/Editor/Data/PlaybackEngines/WindowsStandaloneSupport/UnityEditor.WindowsStandalone.Extensions.dll
Registered in 0.003766 seconds.
Native extension for WindowsStandalone target not found
Native extension for WebGL target not found
Refreshing native plugins compatible for Editor in 34.61 ms, found 4 plugins.
Preloading 0 native plugins for Editor in 0.00 ms.
Mono: successfully reloaded assembly
- Completed reload, in  0.557 seconds
Domain Reload Profiling:
	ReloadAssembly (557ms)
		BeginReloadAssembly (74ms)
			ExecutionOrderSort (0ms)
			DisableScriptedObjects (0ms)
			BackupInstance (0ms)
			ReleaseScriptingObjects (0ms)
			CreateAndSetChildDomain (1ms)
		EndReloadAssembly (393ms)
			LoadAssemblies (72ms)
			RebuildTransferFunctionScriptingTraits (0ms)
			SetupTypeCache (101ms)
			ReleaseScriptCaches (0ms)
			RebuildScriptCaches (28ms)
			SetupLoadedEditorAssemblies (219ms)
				LogAssemblyErrors (0ms)
				InitializePlatformSupportModulesInManaged (8ms)
				SetLoadedEditorAssemblies (0ms)
				RefreshPlugins (35ms)
				BeforeProcessingInitializeOnLoad (1ms)
				ProcessInitializeOnLoadAttributes (132ms)
				ProcessInitializeOnLoadMethodAttributes (43ms)
				AfterProcessingInitializeOnLoad (0ms)
				EditorAssembliesLoaded (0ms)
			ExecutionOrderSort2 (0ms)
			AwakeInstancesAfterBackupRestoration (0ms)
Platform modules already initialized, skipping
Registering precompiled user dll's ...
Registered in 0.001894 seconds.
Begin MonoManager ReloadAssembly
Native extension for WindowsStandalone target not found
Native extension for WebGL target not found
Refreshing native plugins compatible for Editor in 0.44 ms, found 4 plugins.
Preloading 0 native plugins for Editor in 0.00 ms.
Mono: successfully reloaded assembly
- Completed reload, in  0.801 seconds
Domain Reload Profiling:
	ReloadAssembly (801ms)
		BeginReloadAssembly (105ms)
			ExecutionOrderSort (0ms)
			DisableScriptedObjects (6ms)
			BackupInstance (0ms)
			ReleaseScriptingObjects (0ms)
			CreateAndSetChildDomain (18ms)
		EndReloadAssembly (602ms)
			LoadAssemblies (66ms)
			RebuildTransferFunctionScriptingTraits (0ms)
			SetupTypeCache (168ms)
			ReleaseScriptCaches (0ms)
			RebuildScriptCaches (48ms)
			SetupLoadedEditorAssemblies (293ms)
				LogAssemblyErrors (0ms)
				InitializePlatformSupportModulesInManaged (5ms)
				SetLoadedEditorAssemblies (0ms)
				RefreshPlugins (0ms)
				BeforeProcessingInitializeOnLoad (47ms)
				ProcessInitializeOnLoadAttributes (208ms)
				ProcessInitializeOnLoadMethodAttributes (28ms)
				AfterProcessingInitializeOnLoad (4ms)
				EditorAssembliesLoaded (0ms)
			ExecutionOrderSort2 (0ms)
			AwakeInstancesAfterBackupRestoration (5ms)
Platform modules already initialized, skipping
========================================================================
Worker process is ready to serve import requests
Launched and connected shader compiler UnityShaderCompiler.exe after 0.04 seconds
Refreshing native plugins compatible for Editor in 0.47 ms, found 4 plugins.
Preloading 0 native plugins for Editor in 0.00 ms.
Unloading 1766 Unused Serialized files (Serialized files now loaded: 0)
Unloading 36 unused Assets / (129.3 KB). Loaded Objects now: 2235.
Memory consumption went from 80.6 MB to 80.4 MB.
Total: 2.947700 ms (FindLiveObjects: 0.169000 ms CreateObjectMapping: 0.075900 ms MarkObjects: 2.614800 ms  DeleteObjects: 0.087100 ms)

AssetImportParameters requested are different than current active one (requested -> active):
  custom:video-decoder-ogg-theora: a1e56fd34408186e4bbccfd4996cb3dc -> 
  custom:container-muxer-webm: aa71ff27fc2769a1b78a27578f13a17b -> 
  custom:container-demuxer-webm: 4f35f7cbe854078d1ac9338744f61a02 -> 
  custom:video-encoder-webm-vp8: eb34c28f22e8b96e1ab97ce403110664 -> 
  custom:video-codec-MediaFoundation-h265: 746d11721c4dcdbdad8f713fa42b33f4 -> 
  custom:audio-encoder-webm-vorbis: bf7c407c2cedff20999df2af8eb42d56 -> 
  custom:framework-win-MediaFoundation: 216162199b28c13a410421893ffa2e32 -> 
  custom:container-demuxer-ogg: 62fdf1f143b41e24485cea50d1cbac27 -> 
  custom:video-decoder-webm-vp8: 9c59270c3fd7afecdb556c50c9e8de78 -> 
  custom:audio-decoder-ogg-vorbis: bf7c407c2cedff20999df2af8eb42d56 -> 
========================================================================
Received Import Request.
  Time since last request: 324099.846002 seconds.
  path: Assets/kenney_platformerkit2/Isometric/blockCornerSmall_SW.png
  artifactKey: Guid(a28499227f441c1469c15b16025a0c73) Importer(815301076,1909f56bfc062723c751e8b465ee728b)
Start importing Assets/kenney_platformerkit2/Isometric/blockCornerSmall_SW.png using Guid(a28499227f441c1469c15b16025a0c73) Importer(815301076,1909f56bfc062723c751e8b465ee728b)  -> (artifact id: '1f4a8a78e0c002b68a7a9282c18c223f') in 0.110436 seconds 
========================================================================
Received Import Request.
  Time since last request: 0.000020 seconds.
  path: Assets/kenney_platformerkit2/Isometric/blockCliffCorner_NE.png
  artifactKey: Guid(4324a624742d82349b01ec8fcbbab542) Importer(815301076,1909f56bfc062723c751e8b465ee728b)
Start importing Assets/kenney_platformerkit2/Isometric/blockCliffCorner_NE.png using Guid(4324a624742d82349b01ec8fcbbab542) Importer(815301076,1909f56bfc062723c751e8b465ee728b)  -> (artifact id: 'af1d366d28b5c6328ec4c1563aaf820d') in 0.018901 seconds 
========================================================================
Received Import Request.
  Time since last request: 0.000018 seconds.
  path: Assets/kenney_platformerkit2/Isometric/blockCurve_SE.png
  artifactKey: Guid(50b0b6ec138d5f44b8381012556598d5) Importer(815301076,1909f56bfc062723c751e8b465ee728b)
Start importing Assets/kenney_platformerkit2/Isometric/blockCurve_SE.png using Guid(50b0b6ec138d5f44b8381012556598d5) Importer(815301076,1909f56bfc062723c751e8b465ee728b)  -> (artifact id: '7939562b0ce21971bd7443d0cc79aac7') in 0.016783 seconds 
========================================================================
Received Import Request.
  Time since last request: 0.000012 seconds.
  path: Assets/kenney_platformerkit2/Isometric/blockCliffCorner_SE.png
  artifactKey: Guid(0cb3dd4b3501760479a3920e7484a730) Importer(815301076,1909f56bfc062723c751e8b465ee728b)
Start importing Assets/kenney_platformerkit2/Isometric/blockCliffCorner_SE.png using Guid(0cb3dd4b3501760479a3920e7484a730) Importer(815301076,1909f56bfc062723c751e8b465ee728b)  -> (artifact id: 'eed72e3c37b9968c2b378a79a4fb8a45') in 0.016719 seconds 
========================================================================
Received Import Request.
  Time since last request: 0.000011 seconds.
  path: Assets/kenney_platformerkit2/Isometric/arrows_NW.png
  artifactKey: Guid(b7834faa8a0c54243acbf5d34b79ca7f) Importer(815301076,1909f56bfc062723c751e8b465ee728b)
Start importing Assets/kenney_platformerkit2/Isometric/arrows_NW.png using Guid(b7834faa8a0c54243acbf5d34b79ca7f) Importer(815301076,1909f56bfc062723c751e8b465ee728b)  -> (artifact id: 'b5ff272d864767de265c749db1cb0351') in 0.020947 seconds 
========================================================================
Received Import Request.
  Time since last request: 0.000021 seconds.
  path: Assets/kenney_platformerkit2/Isometric/blockCornerSmall_NW.png
  artifactKey: Guid(0a1bcd8d5ba7e7e4f9d93a3affdee47f) Importer(815301076,1909f56bfc062723c751e8b465ee728b)
Start importing Assets/kenney_platformerkit2/Isometric/blockCornerSmall_NW.png using Guid(0a1bcd8d5ba7e7e4f9d93a3affdee47f) Importer(815301076,1909f56bfc062723c751e8b465ee728b)  -> (artifact id: '72339b0d4f8b375c0e5df4e68e96d760') in 0.015767 seconds 
========================================================================
Received Import Request.
  Time since last request: 0.000013 seconds.
  path: Assets/kenney_platformerkit2/Isometric/blockCliffCorner_NW.png
  artifactKey: Guid(c17f10fa246c1a84dbea95a799b997ce) Importer(815301076,1909f56bfc062723c751e8b465ee728b)
Start importing Assets/kenney_platformerkit2/Isometric/blockCliffCorner_NW.png using Guid(c17f10fa246c1a84dbea95a799b997ce) Importer(815301076,1909f56bfc062723c751e8b465ee728b)  -> (artifact id: '1d131d8dc6c7c1df8ba97f53b075a41c') in 0.015787 seconds 
========================================================================
Received Import Request.
  Time since last request: 0.000013 seconds.
  path: Assets/kenney_platformerkit2/Isometric/blockCliffCorner_SW.png
  artifactKey: Guid(f20b848a8f28f8647b2c4f9da9bca8ac) Importer(815301076,1909f56bfc062723c751e8b465ee728b)
Start importing Assets/kenney_platformerkit2/Isometric/blockCliffCorner_SW.png using Guid(f20b848a8f28f8647b2c4f9da9bca8ac) Importer(815301076,1909f56bfc062723c751e8b465ee728b)  -> (artifact id: 'e48231ddb97bc53e4bd76967f2cff189') in 0.047732 seconds 
========================================================================
Received Import Request.
  Time since last request: 0.000015 seconds.
  path: Assets/kenney_platformerkit2/Isometric/block_NE.png
  artifactKey: Guid(b2081c990391dc44681b8a9125a7aba4) Importer(815301076,1909f56bfc062723c751e8b465ee728b)
Start importing Assets/kenney_platformerkit2/Isometric/block_NE.png using Guid(b2081c990391dc44681b8a9125a7aba4) Importer(815301076,1909f56bfc062723c751e8b465ee728b)  -> (artifact id: '12a03440bf688023612102f6a616d695') in 0.015469 seconds 
========================================================================
Received Import Request.
  Time since last request: 0.000017 seconds.
  path: Assets/kenney_platformerkit2/Isometric/arrows_SW.png
  artifactKey: Guid(c35e0e5c6b141194f81d409796bfeada) Importer(815301076,1909f56bfc062723c751e8b465ee728b)
Start importing Assets/kenney_platformerkit2/Isometric/arrows_SW.png using Guid(c35e0e5c6b141194f81d409796bfeada) Importer(815301076,1909f56bfc062723c751e8b465ee728b)  -> (artifact id: '9df524e2b50debfb329d6dd222a12c13') in 0.015226 seconds 
========================================================================
Received Import Request.
  Time since last request: 0.000015 seconds.
  path: Assets/kenney_platformerkit2/Isometric/blockCurve_NE.png
  artifactKey: Guid(6ce6106558c0c62409c4d6fca2d4b134) Importer(815301076,1909f56bfc062723c751e8b465ee728b)
Start importing Assets/kenney_platformerkit2/Isometric/blockCurve_NE.png using Guid(6ce6106558c0c62409c4d6fca2d4b134) Importer(815301076,1909f56bfc062723c751e8b465ee728b)  -> (artifact id: '84a4926115815a20a489c6a1ebd33211') in 0.016053 seconds 
========================================================================
Received Import Request.
  Time since last request: 0.000018 seconds.
  path: Assets/kenney_platformerkit2/Isometric/blockCliff_NW.png
  artifactKey: Guid(264c326c92d9e52418dd23300ceea6f8) Importer(815301076,1909f56bfc062723c751e8b465ee728b)
Start importing Assets/kenney_platformerkit2/Isometric/blockCliff_NW.png using Guid(264c326c92d9e52418dd23300ceea6f8) Importer(815301076,1909f56bfc062723c751e8b465ee728b)  -> (artifact id: 'a4282f184b2dda6b8429545f75837aa5') in 0.014684 seconds 
========================================================================
Received Import Request.
  Time since last request: 0.000022 seconds.
  path: Assets/kenney_platformerkit2/Isometric/blockCornerSmall_NE.png
  artifactKey: Guid(1cd9fc13bfd76034ea613f48b70c0b28) Importer(815301076,1909f56bfc062723c751e8b465ee728b)
Start importing Assets/kenney_platformerkit2/Isometric/blockCornerSmall_NE.png using Guid(1cd9fc13bfd76034ea613f48b70c0b28) Importer(815301076,1909f56bfc062723c751e8b465ee728b)  -> (artifact id: '598750059c3404d18de8083ddd620c24') in 0.014509 seconds 
========================================================================
Received Import Request.
  Time since last request: 0.000021 seconds.
  path: Assets/kenney_platformerkit2/Isometric/block_SW.png
  artifactKey: Guid(a36a94960b159564a95499b25cad1b4e) Importer(815301076,1909f56bfc062723c751e8b465ee728b)
Start importing Assets/kenney_platformerkit2/Isometric/block_SW.png using Guid(a36a94960b159564a95499b25cad1b4e) Importer(815301076,1909f56bfc062723c751e8b465ee728b)  -> (artifact id: 'e3b2a55eba9b5bdd3836fa0f1d7aeeb5') in 0.015118 seconds 
========================================================================
Received Import Request.
  Time since last request: 0.000018 seconds.
  path: Assets/kenney_platformerkit2/Isometric/blockCurveLow_SE.png
  artifactKey: Guid(fcb2c5f6714d75043aa9051ceb80f488) Importer(815301076,1909f56bfc062723c751e8b465ee728b)
Start importing Assets/kenney_platformerkit2/Isometric/blockCurveLow_SE.png using Guid(fcb2c5f6714d75043aa9051ceb80f488) Importer(815301076,1909f56bfc062723c751e8b465ee728b)  -> (artifact id: '9be58abaa2c9ac9f7e78314982e24880') in 0.014771 seconds 
========================================================================
Received Import Request.
  Time since last request: 0.000015 seconds.
  path: Assets/kenney_platformerkit2/Isometric/blockCurveHalf_SE.png
  artifactKey: Guid(a58629ee0e6d32c4d91ef80e95c4b6ff) Importer(815301076,1909f56bfc062723c751e8b465ee728b)
Start importing Assets/kenney_platformerkit2/Isometric/blockCurveHalf_SE.png using Guid(a58629ee0e6d32c4d91ef80e95c4b6ff) Importer(815301076,1909f56bfc062723c751e8b465ee728b)  -> (artifact id: '56b0e634501a292d3fe44bec560f6bef') in 0.015020 seconds 
========================================================================
Received Import Request.
  Time since last request: 0.000015 seconds.
  path: Assets/kenney_platformerkit2/Isometric/block_SE.png
  artifactKey: Guid(69699d7c0f80987488556ab20343b4ce) Importer(815301076,1909f56bfc062723c751e8b465ee728b)
Start importing Assets/kenney_platformerkit2/Isometric/block_SE.png using Guid(69699d7c0f80987488556ab20343b4ce) Importer(815301076,1909f56bfc062723c751e8b465ee728b)  -> (artifact id: 'f243e2ed5019f4a1a6d987108c50f38e') in 0.014700 seconds 
========================================================================
Received Import Request.
  Time since last request: 0.000015 seconds.
  path: Assets/kenney_platformerkit2/Isometric/blockCliff_SE.png
  artifactKey: Guid(e69090b664e8e354198aedc3a28d867d) Importer(815301076,1909f56bfc062723c751e8b465ee728b)
Start importing Assets/kenney_platformerkit2/Isometric/blockCliff_SE.png using Guid(e69090b664e8e354198aedc3a28d867d) Importer(815301076,1909f56bfc062723c751e8b465ee728b)  -> (artifact id: '042bae5cd044637ba5a9b3103fd21dec') in 0.014614 seconds 
========================================================================
Received Import Request.
  Time since last request: 0.000014 seconds.
  path: Assets/kenney_platformerkit2/Isometric/blockCurveLow_NW.png
  artifactKey: Guid(c2aa4cdb81184c344a4b2c1715297be1) Importer(815301076,1909f56bfc062723c751e8b465ee728b)
Start importing Assets/kenney_platformerkit2/Isometric/blockCurveLow_NW.png using Guid(c2aa4cdb81184c344a4b2c1715297be1) Importer(815301076,1909f56bfc062723c751e8b465ee728b)  -> (artifact id: 'c3bf62b9122ca1ea0119b495e0cb83de') in 0.014360 seconds 
========================================================================
Received Import Request.
  Time since last request: 0.000013 seconds.
  path: Assets/kenney_platformerkit2/Isometric/arrow_SW.png
  artifactKey: Guid(00d26cd096cd11f44aee857c43300c90) Importer(815301076,1909f56bfc062723c751e8b465ee728b)
Start importing Assets/kenney_platformerkit2/Isometric/arrow_SW.png using Guid(00d26cd096cd11f44aee857c43300c90) Importer(815301076,1909f56bfc062723c751e8b465ee728b)  -> (artifact id: 'eefc271e4f3788669c21c4ed8c0805e8') in 0.014738 seconds 
========================================================================
Received Import Request.
  Time since last request: 0.000019 seconds.
  path: Assets/kenney_platformerkit2/Isometric/blockCornerLarge_NE.png
  artifactKey: Guid(9843419504d6c4b4daa2517d5fc264e6) Importer(815301076,1909f56bfc062723c751e8b465ee728b)
Start importing Assets/kenney_platformerkit2/Isometric/blockCornerLarge_NE.png using Guid(9843419504d6c4b4daa2517d5fc264e6) Importer(815301076,1909f56bfc062723c751e8b465ee728b)  -> (artifact id: 'f59f6f4396f56c39dc00f881af30dd11') in 0.014724 seconds 
========================================================================
Received Import Request.
  Time since last request: 0.000013 seconds.
  path: Assets/kenney_platformerkit2/Isometric/blockCurve_NW.png
  artifactKey: Guid(2ef1223a94f49c64ca82d473e6ab03ab) Importer(815301076,1909f56bfc062723c751e8b465ee728b)
Start importing Assets/kenney_platformerkit2/Isometric/blockCurve_NW.png using Guid(2ef1223a94f49c64ca82d473e6ab03ab) Importer(815301076,1909f56bfc062723c751e8b465ee728b)  -> (artifact id: 'bcae2e49656b04e243f1595ee25808b3') in 0.014406 seconds 
========================================================================
Received Import Request.
  Time since last request: 1.019138 seconds.
  path: Assets/kenney_platformerkit2/Models
  artifactKey: Guid(ff81a4363fab7a147b522f39c510f060) Importer(815301076,1909f56bfc062723c751e8b465ee728b)
Start importing Assets/kenney_platformerkit2/Models using Guid(ff81a4363fab7a147b522f39c510f060) Importer(815301076,1909f56bfc062723c751e8b465ee728b)  -> (artifact id: 'dd32c78a78f9664bc1ad388f36fb56a2') in 0.008253 seconds 
========================================================================
Received Import Request.
  Time since last request: 2.037849 seconds.
  path: Assets/kenney_platformerkit2/Models/OBJ format
  artifactKey: Guid(94b5761fa0448474684b154696bffc2b) Importer(815301076,1909f56bfc062723c751e8b465ee728b)
Start importing Assets/kenney_platformerkit2/Models/OBJ format using Guid(94b5761fa0448474684b154696bffc2b) Importer(815301076,1909f56bfc062723c751e8b465ee728b)  -> (artifact id: '489b19079acdb934efbb14cabe095c82') in 0.014476 seconds 
========================================================================
Received Import Request.
  Time since last request: 0.074397 seconds.
  path: Assets/kenney_platformerkit2/Models/OBJ format/arrow.obj
  artifactKey: Guid(8da10ea63d0f4d74da1fe1251e58c090) Importer(815301076,1909f56bfc062723c751e8b465ee728b)
Start importing Assets/kenney_platformerkit2/Models/OBJ format/arrow.obj using Guid(8da10ea63d0f4d74da1fe1251e58c090) Importer(815301076,1909f56bfc062723c751e8b465ee728b)  -> (artifact id: 'e970cee48c1746807c118fe295ec9189') in 0.121949 seconds 
========================================================================
Received Import Request.
  Time since last request: 0.000012 seconds.
  path: Assets/kenney_platformerkit2/Models/OBJ format/blockCurveLow.obj
  artifactKey: Guid(c4af7393169fdc746a6750af0e7fb465) Importer(815301076,1909f56bfc062723c751e8b465ee728b)
Start importing Assets/kenney_platformerkit2/Models/OBJ format/blockCurveLow.obj using Guid(c4af7393169fdc746a6750af0e7fb465) Importer(815301076,1909f56bfc062723c751e8b465ee728b)  -> (artifact id: '75e1e9b147f74c6c78803f9cadbc9b40') in 0.026064 seconds 
========================================================================
Received Import Request.
  Time since last request: 0.000021 seconds.
  path: Assets/kenney_platformerkit2/Models/OBJ format/blockLevel.obj
  artifactKey: Guid(e02c5a09a3585d84cab4aff1bf12065c) Importer(815301076,1909f56bfc062723c751e8b465ee728b)
Start importing Assets/kenney_platformerkit2/Models/OBJ format/blockLevel.obj using Guid(e02c5a09a3585d84cab4aff1bf12065c) Importer(815301076,1909f56bfc062723c751e8b465ee728b)  -> (artifact id: '0479f308259585fea25d5a5802075c9b') in 0.026408 seconds 
========================================================================
Received Import Request.
  Time since last request: 0.000024 seconds.
  path: Assets/kenney_platformerkit2/Models/OBJ format/blockDirtHalf.obj
  artifactKey: Guid(620677040180d3c419e2996b192f3d90) Importer(815301076,1909f56bfc062723c751e8b465ee728b)
Start importing Assets/kenney_platformerkit2/Models/OBJ format/blockDirtHalf.obj using Guid(620677040180d3c419e2996b192f3d90) Importer(815301076,1909f56bfc062723c751e8b465ee728b)  -> (artifact id: 'a6c6dd212856035fc796e0330f983cfe') in 0.022577 seconds 
========================================================================
Received Import Request.
  Time since last request: 0.000023 seconds.
  path: Assets/kenney_platformerkit2/Models/OBJ format/blockDirt.obj
  artifactKey: Guid(b36a534ee4353404195562482db41232) Importer(815301076,1909f56bfc062723c751e8b465ee728b)
Start importing Assets/kenney_platformerkit2/Models/OBJ format/blockDirt.obj using Guid(b36a534ee4353404195562482db41232) Importer(815301076,1909f56bfc062723c751e8b465ee728b)  -> (artifact id: '213cce5417ac1376ba9747d40ebdd6d7') in 0.023749 seconds 
========================================================================
Received Import Request.
  Time since last request: 0.000015 seconds.
  path: Assets/kenney_platformerkit2/Models/OBJ format/blockHexagon.obj
  artifactKey: Guid(36963aa0fbbb3524baba4777e157bb64) Importer(815301076,1909f56bfc062723c751e8b465ee728b)
Start importing Assets/kenney_platformerkit2/Models/OBJ format/blockHexagon.obj using Guid(36963aa0fbbb3524baba4777e157bb64) Importer(815301076,1909f56bfc062723c751e8b465ee728b)  -> (artifact id: '6ab6d15eb9282d59cf5e3e992a00c38a') in 0.026149 seconds 
========================================================================
Received Import Request.
  Time since last request: 0.000014 seconds.
  path: Assets/kenney_platformerkit2/Models/OBJ format/blockHexagonLow.obj
  artifactKey: Guid(c830229356f6dcb47b76b109732659a7) Importer(815301076,1909f56bfc062723c751e8b465ee728b)
Start importing Assets/kenney_platformerkit2/Models/OBJ format/blockHexagonLow.obj using Guid(c830229356f6dcb47b76b109732659a7) Importer(815301076,1909f56bfc062723c751e8b465ee728b)  -> (artifact id: 'dcd405b5a1ef1d3e91c7baabc5b7e968') in 0.027688 seconds 
========================================================================
Received Import Request.
  Time since last request: 0.000018 seconds.
  path: Assets/kenney_platformerkit2/Models/OBJ format/blockCliff.obj
  artifactKey: Guid(a55faf555efccdd4ab396932892b7fba) Importer(815301076,1909f56bfc062723c751e8b465ee728b)
Start importing Assets/kenney_platformerkit2/Models/OBJ format/blockCliff.obj using Guid(a55faf555efccdd4ab396932892b7fba) Importer(815301076,1909f56bfc062723c751e8b465ee728b)  -> (artifact id: '06543fe52877fd8e1b4e33c0a2439306') in 0.030331 seconds 
========================================================================
Received Import Request.
  Time since last request: 0.000016 seconds.
  path: Assets/kenney_platformerkit2/Models/OBJ format/blockDirtRampHalf.obj
  artifactKey: Guid(1c42f71a8a0e8ea4a9802ecf14b7a0a8) Importer(815301076,1909f56bfc062723c751e8b465ee728b)
Start importing Assets/kenney_platformerkit2/Models/OBJ format/blockDirtRampHalf.obj using Guid(1c42f71a8a0e8ea4a9802ecf14b7a0a8) Importer(815301076,1909f56bfc062723c751e8b465ee728b)  -> (artifact id: '48b6df27a0d08e4adb9434cdf6a8fa1d') in 0.023876 seconds 
========================================================================
Received Import Request.
  Time since last request: 0.000015 seconds.
  path: Assets/kenney_platformerkit2/Models/OBJ format/blockCurveHalf.obj
  artifactKey: Guid(a83c92b02026ff741852f7bf5ad32b73) Importer(815301076,1909f56bfc062723c751e8b465ee728b)
Start importing Assets/kenney_platformerkit2/Models/OBJ format/blockCurveHalf.obj using Guid(a83c92b02026ff741852f7bf5ad32b73) Importer(815301076,1909f56bfc062723c751e8b465ee728b)  -> (artifact id: 'b584bfb765e530972ca3b364c78bffdd') in 0.026844 seconds 
========================================================================
Received Import Request.
  Time since last request: 0.000016 seconds.
  path: Assets/kenney_platformerkit2/Models/OBJ format/blockLarge.obj
  artifactKey: Guid(154aa3c345bf4d941933c76a728508b0) Importer(815301076,1909f56bfc062723c751e8b465ee728b)
Start importing Assets/kenney_platformerkit2/Models/OBJ format/blockLarge.obj using Guid(154aa3c345bf4d941933c76a728508b0) Importer(815301076,1909f56bfc062723c751e8b465ee728b)  -> (artifact id: '5672a9b7f48022d37545956aa85fef22') in 0.026711 seconds 
========================================================================
Received Prepare
Registering precompiled user dll's ...
Registered in 0.002236 seconds.
Begin MonoManager ReloadAssembly
Native extension for WindowsStandalone target not found
Native extension for WebGL target not found
Refreshing native plugins compatible for Editor in 0.43 ms, found 4 plugins.
Preloading 0 native plugins for Editor in 0.00 ms.
Mono: successfully reloaded assembly
- Completed reload, in  0.823 seconds
Domain Reload Profiling:
	ReloadAssembly (824ms)
		BeginReloadAssembly (115ms)
			ExecutionOrderSort (0ms)
			DisableScriptedObjects (6ms)
			BackupInstance (0ms)
			ReleaseScriptingObjects (0ms)
			CreateAndSetChildDomain (27ms)
		EndReloadAssembly (624ms)
			LoadAssemblies (70ms)
			RebuildTransferFunctionScriptingTraits (0ms)
			SetupTypeCache (169ms)
			ReleaseScriptCaches (1ms)
			RebuildScriptCaches (41ms)
			SetupLoadedEditorAssemblies (305ms)
				LogAssemblyErrors (0ms)
				InitializePlatformSupportModulesInManaged (6ms)
				SetLoadedEditorAssemblies (0ms)
				RefreshPlugins (0ms)
				BeforeProcessingInitializeOnLoad (43ms)
				ProcessInitializeOnLoadAttributes (222ms)
				ProcessInitializeOnLoadMethodAttributes (27ms)
				AfterProcessingInitializeOnLoad (6ms)
				EditorAssembliesLoaded (0ms)
			ExecutionOrderSort2 (0ms)
			AwakeInstancesAfterBackupRestoration (6ms)
Platform modules already initialized, skipping
Refreshing native plugins compatible for Editor in 1.82 ms, found 4 plugins.
Preloading 0 native plugins for Editor in 0.00 ms.
Unloading 1740 Unused Serialized files (Serialized files now loaded: 0)
Unloading 13 unused Assets / (95.3 KB). Loaded Objects now: 2295.
Memory consumption went from 82.2 MB to 82.1 MB.
Total: 2.558900 ms (FindLiveObjects: 0.168900 ms CreateObjectMapping: 0.079800 ms MarkObjects: 2.274000 ms  DeleteObjects: 0.035000 ms)

AssetImportParameters requested are different than current active one (requested -> active):
  custom:video-decoder-ogg-theora: a1e56fd34408186e4bbccfd4996cb3dc -> 
  custom:container-muxer-webm: aa71ff27fc2769a1b78a27578f13a17b -> 
  custom:container-demuxer-webm: 4f35f7cbe854078d1ac9338744f61a02 -> 
  custom:video-encoder-webm-vp8: eb34c28f22e8b96e1ab97ce403110664 -> 
  custom:video-codec-MediaFoundation-h265: 746d11721c4dcdbdad8f713fa42b33f4 -> 
  custom:audio-encoder-webm-vorbis: bf7c407c2cedff20999df2af8eb42d56 -> 
  custom:framework-win-MediaFoundation: 216162199b28c13a410421893ffa2e32 -> 
  custom:container-demuxer-ogg: 62fdf1f143b41e24485cea50d1cbac27 -> 
  custom:video-decoder-webm-vp8: 9c59270c3fd7afecdb556c50c9e8de78 -> 
  custom:audio-decoder-ogg-vorbis: bf7c407c2cedff20999df2af8eb42d56 -> 
========================================================================
Received Import Request.
  Time since last request: 62.863363 seconds.
  path: Assets/kenney_platformerkit2/Models/OBJ format/blockLong.obj
  artifactKey: Guid(ce1af26cf7a43704c9e10fd1bb358de4) Importer(815301076,1909f56bfc062723c751e8b465ee728b)
Start importing Assets/kenney_platformerkit2/Models/OBJ format/blockLong.obj using Guid(ce1af26cf7a43704c9e10fd1bb358de4) Importer(815301076,1909f56bfc062723c751e8b465ee728b)  -> (artifact id: 'fdb5a53e6fa079362231aa1fa24399f5') in 0.116393 seconds 
========================================================================
Received Import Request.
  Time since last request: 0.000023 seconds.
  path: Assets/kenney_platformerkit2/Models/OBJ format/blockMovingRed.obj
  artifactKey: Guid(d0d97a9095886724a8fc26100935afc4) Importer(815301076,1909f56bfc062723c751e8b465ee728b)
Start importing Assets/kenney_platformerkit2/Models/OBJ format/blockMovingRed.obj using Guid(d0d97a9095886724a8fc26100935afc4) Importer(815301076,1909f56bfc062723c751e8b465ee728b)  -> (artifact id: 'a3abb9a19c96dee1547d4f3f852c6d88') in 0.029002 seconds 
========================================================================
Received Import Request.
  Time since last request: 2.487518 seconds.
  path: Assets/kenney_platformerkit2/Models/OBJ format/blockQuarter.obj
  artifactKey: Guid(93a715bd13c9018488ed23cb013c9b7c) Importer(815301076,1909f56bfc062723c751e8b465ee728b)
Start importing Assets/kenney_platformerkit2/Models/OBJ format/blockQuarter.obj using Guid(93a715bd13c9018488ed23cb013c9b7c) Importer(815301076,1909f56bfc062723c751e8b465ee728b)  -> (artifact id: 'b9ecf7c74ab42579e946abfc7686593a') in 0.027539 seconds 
========================================================================
Received Import Request.
  Time since last request: 0.000014 seconds.
  path: Assets/kenney_platformerkit2/Models/OBJ format/blockRoundedLarge.obj
  artifactKey: Guid(d5a5d0ea94b6457409ce186f2834dcba) Importer(815301076,1909f56bfc062723c751e8b465ee728b)
Start importing Assets/kenney_platformerkit2/Models/OBJ format/blockRoundedLarge.obj using Guid(d5a5d0ea94b6457409ce186f2834dcba) Importer(815301076,1909f56bfc062723c751e8b465ee728b)  -> (artifact id: '5ba53ca44bffb8b3671066e4dc309340') in 0.028221 seconds 
========================================================================
Received Import Request.
  Time since last request: 0.000015 seconds.
  path: Assets/kenney_platformerkit2/Models/OBJ format/blockSlope.obj
  artifactKey: Guid(aab2f2d2638cb85498806cf56ce9a05e) Importer(815301076,1909f56bfc062723c751e8b465ee728b)
Start importing Assets/kenney_platformerkit2/Models/OBJ format/blockSlope.obj using Guid(aab2f2d2638cb85498806cf56ce9a05e) Importer(815301076,1909f56bfc062723c751e8b465ee728b)  -> (artifact id: 'f6ec53495be330231d973efda4e30cb2') in 0.031670 seconds 
========================================================================
Received Import Request.
  Time since last request: 0.000022 seconds.
  path: Assets/kenney_platformerkit2/Models/OBJ format/blockRoundedLowLong.obj
  artifactKey: Guid(c9719187cf302b947937deb94be6ba12) Importer(815301076,1909f56bfc062723c751e8b465ee728b)
Start importing Assets/kenney_platformerkit2/Models/OBJ format/blockRoundedLowLong.obj using Guid(c9719187cf302b947937deb94be6ba12) Importer(815301076,1909f56bfc062723c751e8b465ee728b)  -> (artifact id: '4de160d9569d6bbd60b2a34c31ac03cb') in 0.041232 seconds 
========================================================================
Received Import Request.
  Time since last request: 0.000017 seconds.
  path: Assets/kenney_platformerkit2/Models/OBJ format/blockSnow.obj
  artifactKey: Guid(5674d41d19e7180429a08fc5437d0e82) Importer(815301076,1909f56bfc062723c751e8b465ee728b)
Start importing Assets/kenney_platformerkit2/Models/OBJ format/blockSnow.obj using Guid(5674d41d19e7180429a08fc5437d0e82) Importer(815301076,1909f56bfc062723c751e8b465ee728b)  -> (artifact id: '69f64c7be1a54eea26c9babd3b62e3f0') in 0.031139 seconds 
========================================================================
Received Import Request.
  Time since last request: 32.103541 seconds.
  path: Assets/kenney_platformerkit2/Models/OBJ format/blockSnowCliffCorner.obj
  artifactKey: Guid(5be41a9a24a3e544e852b2bf5cb6a455) Importer(815301076,1909f56bfc062723c751e8b465ee728b)
Start importing Assets/kenney_platformerkit2/Models/OBJ format/blockSnowCliffCorner.obj using Guid(5be41a9a24a3e544e852b2bf5cb6a455) Importer(815301076,1909f56bfc062723c751e8b465ee728b)  -> (artifact id: '7cc72ce6372e225bdb804a6e6848d901') in 0.025236 seconds 
========================================================================
Received Import Request.
  Time since last request: 0.000013 seconds.
  path: Assets/kenney_platformerkit2/Models/OBJ format/blockSnowCurve.obj
  artifactKey: Guid(d0f26062929b6c04db88ccfab7b389a3) Importer(815301076,1909f56bfc062723c751e8b465ee728b)
Start importing Assets/kenney_platformerkit2/Models/OBJ format/blockSnowCurve.obj using Guid(d0f26062929b6c04db88ccfab7b389a3) Importer(815301076,1909f56bfc062723c751e8b465ee728b)  -> (artifact id: '587cdad9397c90fe9236a46135ce2217') in 0.034869 seconds 
========================================================================
Received Import Request.
  Time since last request: 0.019578 seconds.
  path: Assets/kenney_platformerkit2/Models/OBJ format/blockSnowCurveHalf.obj
  artifactKey: Guid(1f0c47a891466e542b0514b5aa742210) Importer(815301076,1909f56bfc062723c751e8b465ee728b)
Start importing Assets/kenney_platformerkit2/Models/OBJ format/blockSnowCurveHalf.obj using Guid(1f0c47a891466e542b0514b5aa742210) Importer(815301076,1909f56bfc062723c751e8b465ee728b)  -> (artifact id: '30d2cfdd5dbacd4a98bc7407e984354b') in 0.026147 seconds 
========================================================================
Received Import Request.
  Time since last request: 0.000015 seconds.
  path: Assets/kenney_platformerkit2/Models/OBJ format/blockSnowEnd.obj
  artifactKey: Guid(b78a62d0aeb94444390fb7dd16f0e126) Importer(815301076,1909f56bfc062723c751e8b465ee728b)
Start importing Assets/kenney_platformerkit2/Models/OBJ format/blockSnowEnd.obj using Guid(b78a62d0aeb94444390fb7dd16f0e126) Importer(815301076,1909f56bfc062723c751e8b465ee728b)  -> (artifact id: 'f3c16d5abc865627789b78222ef582d0') in 0.024573 seconds 
========================================================================
Received Prepare
Registering precompiled user dll's ...
Registered in 0.002757 seconds.
Begin MonoManager ReloadAssembly
Native extension for WindowsStandalone target not found
Native extension for WebGL target not found
Refreshing native plugins compatible for Editor in 0.46 ms, found 4 plugins.
Preloading 0 native plugins for Editor in 0.00 ms.
Mono: successfully reloaded assembly
- Completed reload, in  0.795 seconds
Domain Reload Profiling:
	ReloadAssembly (796ms)
		BeginReloadAssembly (113ms)
			ExecutionOrderSort (0ms)
			DisableScriptedObjects (6ms)
			BackupInstance (0ms)
			ReleaseScriptingObjects (0ms)
			CreateAndSetChildDomain (27ms)
		EndReloadAssembly (598ms)
			LoadAssemblies (68ms)
			RebuildTransferFunctionScriptingTraits (0ms)
			SetupTypeCache (167ms)
			ReleaseScriptCaches (1ms)
			RebuildScriptCaches (42ms)
			SetupLoadedEditorAssemblies (288ms)
				LogAssemblyErrors (0ms)
				InitializePlatformSupportModulesInManaged (6ms)
				SetLoadedEditorAssemblies (0ms)
				RefreshPlugins (1ms)
				BeforeProcessingInitializeOnLoad (44ms)
				ProcessInitializeOnLoadAttributes (206ms)
				ProcessInitializeOnLoadMethodAttributes (26ms)
				AfterProcessingInitializeOnLoad (5ms)
				EditorAssembliesLoaded (0ms)
			ExecutionOrderSort2 (0ms)
			AwakeInstancesAfterBackupRestoration (6ms)
Platform modules already initialized, skipping
Refreshing native plugins compatible for Editor in 1.52 ms, found 4 plugins.
Preloading 0 native plugins for Editor in 0.00 ms.
Unloading 1740 Unused Serialized files (Serialized files now loaded: 0)
Unloading 13 unused Assets / (95.3 KB). Loaded Objects now: 2310.
Memory consumption went from 82.2 MB to 82.1 MB.
Total: 2.905800 ms (FindLiveObjects: 0.149900 ms CreateObjectMapping: 0.056000 ms MarkObjects: 2.664200 ms  DeleteObjects: 0.034300 ms)

AssetImportParameters requested are different than current active one (requested -> active):
  custom:video-decoder-ogg-theora: a1e56fd34408186e4bbccfd4996cb3dc -> 
  custom:container-muxer-webm: aa71ff27fc2769a1b78a27578f13a17b -> 
  custom:container-demuxer-webm: 4f35f7cbe854078d1ac9338744f61a02 -> 
  custom:video-encoder-webm-vp8: eb34c28f22e8b96e1ab97ce403110664 -> 
  custom:video-codec-MediaFoundation-h265: 746d11721c4dcdbdad8f713fa42b33f4 -> 
  custom:audio-encoder-webm-vorbis: bf7c407c2cedff20999df2af8eb42d56 -> 
  custom:framework-win-MediaFoundation: 216162199b28c13a410421893ffa2e32 -> 
  custom:container-demuxer-ogg: 62fdf1f143b41e24485cea50d1cbac27 -> 
  custom:video-decoder-webm-vp8: 9c59270c3fd7afecdb556c50c9e8de78 -> 
  custom:audio-decoder-ogg-vorbis: bf7c407c2cedff20999df2af8eb42d56 -> 
========================================================================
Received Import Request.
  Time since last request: 161.299336 seconds.
  path: Assets/kenney_platformerkit2/Models/OBJ format/blockSnowHalf.obj
  artifactKey: Guid(25e548470ef54c447841838097988f4d) Importer(815301076,1909f56bfc062723c751e8b465ee728b)
Start importing Assets/kenney_platformerkit2/Models/OBJ format/blockSnowHalf.obj using Guid(25e548470ef54c447841838097988f4d) Importer(815301076,1909f56bfc062723c751e8b465ee728b)  -> (artifact id: '9250fbfa614555ae0c9b54cafbe8573b') in 0.131322 seconds 
========================================================================
Received Import Request.
  Time since last request: 0.000021 seconds.
  path: Assets/kenney_platformerkit2/Models/OBJ format/blockSnowLevel.obj
  artifactKey: Guid(9d677eece350c5641977c3fdcfa2aed9) Importer(815301076,1909f56bfc062723c751e8b465ee728b)
Start importing Assets/kenney_platformerkit2/Models/OBJ format/blockSnowLevel.obj using Guid(9d677eece350c5641977c3fdcfa2aed9) Importer(815301076,1909f56bfc062723c751e8b465ee728b)  -> (artifact id: '47bca8408c61dd33ef0a214a01c6b8b2') in 0.072378 seconds 
========================================================================
Received Import Request.
  Time since last request: 0.000022 seconds.
  path: Assets/kenney_platformerkit2/Models/OBJ format/blockSnowSlopeHalf.obj
  artifactKey: Guid(422728f965e3d7e4496813500cd4baec) Importer(815301076,1909f56bfc062723c751e8b465ee728b)
Start importing Assets/kenney_platformerkit2/Models/OBJ format/blockSnowSlopeHalf.obj using Guid(422728f965e3d7e4496813500cd4baec) Importer(815301076,1909f56bfc062723c751e8b465ee728b)  -> (artifact id: 'ea74213a9b0b4f74d2bbc026a241cf42') in 0.044090 seconds 
========================================================================
Received Import Request.
  Time since last request: 0.000014 seconds.
  path: Assets/kenney_platformerkit2/Models/OBJ format/blockSnowQuarter.obj
  artifactKey: Guid(4ff03f0e24971144aa50abeeeaaaf5ee) Importer(815301076,1909f56bfc062723c751e8b465ee728b)
Start importing Assets/kenney_platformerkit2/Models/OBJ format/blockSnowQuarter.obj using Guid(4ff03f0e24971144aa50abeeeaaaf5ee) Importer(815301076,1909f56bfc062723c751e8b465ee728b)  -> (artifact id: '8fc8beba9bea981fee279d2a4c9fc6f0') in 0.055806 seconds 
========================================================================
Received Import Request.
  Time since last request: 0.000016 seconds.
  path: Assets/kenney_platformerkit2/Models/OBJ format/blockSnowRoundedLarge.obj
  artifactKey: Guid(ea1832a679a7d4e479c6d9fe74701b3a) Importer(815301076,1909f56bfc062723c751e8b465ee728b)
Start importing Assets/kenney_platformerkit2/Models/OBJ format/blockSnowRoundedLarge.obj using Guid(ea1832a679a7d4e479c6d9fe74701b3a) Importer(815301076,1909f56bfc062723c751e8b465ee728b)  -> (artifact id: 'd617f0cf4399e72fd2ff42d4d6b451c6') in 0.049196 seconds 
========================================================================
Received Import Request.
  Time since last request: 0.000014 seconds.
  path: Assets/kenney_platformerkit2/Models/OBJ format/blockSnowLarge.obj
  artifactKey: Guid(e92400109fe3c4b4e8c5f695c57ff331) Importer(815301076,1909f56bfc062723c751e8b465ee728b)
Start importing Assets/kenney_platformerkit2/Models/OBJ format/blockSnowLarge.obj using Guid(e92400109fe3c4b4e8c5f695c57ff331) Importer(815301076,1909f56bfc062723c751e8b465ee728b)  -> (artifact id: '0aac2517fbe68a83a1c9bede9a4a23fb') in 0.027937 seconds 
========================================================================
Received Import Request.
  Time since last request: 0.000014 seconds.
  path: Assets/kenney_platformerkit2/Models/OBJ format/blockSnowRounded.obj
  artifactKey: Guid(f9e1e12c699d35048ab487d814cd3689) Importer(815301076,1909f56bfc062723c751e8b465ee728b)
Start importing Assets/kenney_platformerkit2/Models/OBJ format/blockSnowRounded.obj using Guid(f9e1e12c699d35048ab487d814cd3689) Importer(815301076,1909f56bfc062723c751e8b465ee728b)  -> (artifact id: '56a01913f4cbf5a69b724c451a76e3c6') in 0.026478 seconds 
========================================================================
Received Import Request.
  Time since last request: 0.017687 seconds.
  path: Assets/kenney_platformerkit2/Models/OBJ format/bridge.obj
  artifactKey: Guid(72c3dd02f2cb70243b65df77aaf0c7b7) Importer(815301076,1909f56bfc062723c751e8b465ee728b)
Start importing Assets/kenney_platformerkit2/Models/OBJ format/bridge.obj using Guid(72c3dd02f2cb70243b65df77aaf0c7b7) Importer(815301076,1909f56bfc062723c751e8b465ee728b)  -> (artifact id: 'fd483be539ff027a0527c04c0d024dd0') in 0.024662 seconds 
========================================================================
Received Import Request.
  Time since last request: 0.000012 seconds.
  path: Assets/kenney_platformerkit2/Models/OBJ format/buttonRound.obj
  artifactKey: Guid(347aafd48df027542afb416ed7511019) Importer(815301076,1909f56bfc062723c751e8b465ee728b)
Start importing Assets/kenney_platformerkit2/Models/OBJ format/buttonRound.obj using Guid(347aafd48df027542afb416ed7511019) Importer(815301076,1909f56bfc062723c751e8b465ee728b)  -> (artifact id: '1ebac2b9c765634708ba6096da46b65a') in 0.040724 seconds 
========================================================================
Received Import Request.
  Time since last request: 0.000014 seconds.
  path: Assets/kenney_platformerkit2/Models/OBJ format/coinBronze.obj
  artifactKey: Guid(8c4d0794f88a6e04d9edb30a0d1bd825) Importer(815301076,1909f56bfc062723c751e8b465ee728b)
Start importing Assets/kenney_platformerkit2/Models/OBJ format/coinBronze.obj using Guid(8c4d0794f88a6e04d9edb30a0d1bd825) Importer(815301076,1909f56bfc062723c751e8b465ee728b)  -> (artifact id: '76009b4fa342b910ab2a755930c2ab98') in 0.025832 seconds 
========================================================================
Received Import Request.
  Time since last request: 0.000012 seconds.
  path: Assets/kenney_platformerkit2/Models/OBJ format/coinSilver.obj
  artifactKey: Guid(3a06a11893f53684eae496f9d4c09a94) Importer(815301076,1909f56bfc062723c751e8b465ee728b)
Start importing Assets/kenney_platformerkit2/Models/OBJ format/coinSilver.obj using Guid(3a06a11893f53684eae496f9d4c09a94) Importer(815301076,1909f56bfc062723c751e8b465ee728b)  -> (artifact id: 'cc8c7751931c5a8bc0da3f947b0ea47d') in 0.026061 seconds 
========================================================================
Received Import Request.
  Time since last request: 0.000019 seconds.
  path: Assets/kenney_platformerkit2/Models/OBJ format/coinGold.obj
  artifactKey: Guid(9ba87abee0d280a4a8493d99b8033546) Importer(815301076,1909f56bfc062723c751e8b465ee728b)
Start importing Assets/kenney_platformerkit2/Models/OBJ format/coinGold.obj using Guid(9ba87abee0d280a4a8493d99b8033546) Importer(815301076,1909f56bfc062723c751e8b465ee728b)  -> (artifact id: 'c2b193b5b8ca7419ca969db088f830a9') in 0.026207 seconds 
========================================================================
Received Import Request.
  Time since last request: 0.000012 seconds.
  path: Assets/kenney_platformerkit2/Models/OBJ format/buttonSquare.obj
  artifactKey: Guid(892a0f57bb5d57e478dceccc9ee57957) Importer(815301076,1909f56bfc062723c751e8b465ee728b)
Start importing Assets/kenney_platformerkit2/Models/OBJ format/buttonSquare.obj using Guid(892a0f57bb5d57e478dceccc9ee57957) Importer(815301076,1909f56bfc062723c751e8b465ee728b)  -> (artifact id: 'de61315fdc50b9d63f44d264bbc74d26') in 0.028864 seconds 
========================================================================
Received Import Request.
  Time since last request: 0.302512 seconds.
  path: Assets/kenney_platformerkit2/Models/OBJ format/crateItemStrong.obj
  artifactKey: Guid(1837fde03e4f4c241872877cfbe6c754) Importer(815301076,1909f56bfc062723c751e8b465ee728b)
Start importing Assets/kenney_platformerkit2/Models/OBJ format/crateItemStrong.obj using Guid(1837fde03e4f4c241872877cfbe6c754) Importer(815301076,1909f56bfc062723c751e8b465ee728b)  -> (artifact id: '9214e1def02ef522d1270d0b8c0be9c0') in 0.033220 seconds 
========================================================================
Received Import Request.
  Time since last request: 0.000012 seconds.
  path: Assets/kenney_platformerkit2/Models/OBJ format/doorOpen.obj
  artifactKey: Guid(c5efefb50c4035e42843aa96d4308fb8) Importer(815301076,1909f56bfc062723c751e8b465ee728b)
Start importing Assets/kenney_platformerkit2/Models/OBJ format/doorOpen.obj using Guid(c5efefb50c4035e42843aa96d4308fb8) Importer(815301076,1909f56bfc062723c751e8b465ee728b)  -> (artifact id: 'e05b78a8ffcf2bf3738b6b3a872dbea3') in 0.022868 seconds 
========================================================================
Received Import Request.
  Time since last request: 0.000017 seconds.
  path: Assets/kenney_platformerkit2/Models/OBJ format/fenceLowBroken.obj
  artifactKey: Guid(54a9bac7c73a327409c5969ba5852aba) Importer(815301076,1909f56bfc062723c751e8b465ee728b)
Start importing Assets/kenney_platformerkit2/Models/OBJ format/fenceLowBroken.obj using Guid(54a9bac7c73a327409c5969ba5852aba) Importer(815301076,1909f56bfc062723c751e8b465ee728b)  -> (artifact id: 'fd8e809606998242706cb6dafbb1e076') in 0.034613 seconds 
========================================================================
Received Import Request.
  Time since last request: 0.000016 seconds.
  path: Assets/kenney_platformerkit2/Models/OBJ format/fenceBroken.obj
  artifactKey: Guid(05d8c294af508f545bb3916863c6237e) Importer(815301076,1909f56bfc062723c751e8b465ee728b)
Start importing Assets/kenney_platformerkit2/Models/OBJ format/fenceBroken.obj using Guid(05d8c294af508f545bb3916863c6237e) Importer(815301076,1909f56bfc062723c751e8b465ee728b)  -> (artifact id: 'b01b6ee1316ff666a47b2922c5bb2d60') in 0.031211 seconds 
========================================================================
Received Import Request.
  Time since last request: 0.000020 seconds.
  path: Assets/kenney_platformerkit2/Models/OBJ format/fenceLow.obj
  artifactKey: Guid(e4e3c47dab620aa418513a6b62e8b317) Importer(815301076,1909f56bfc062723c751e8b465ee728b)
Start importing Assets/kenney_platformerkit2/Models/OBJ format/fenceLow.obj using Guid(e4e3c47dab620aa418513a6b62e8b317) Importer(815301076,1909f56bfc062723c751e8b465ee728b)  -> (artifact id: '5386c9a2742b892c7bbb4674494e6b7c') in 0.029313 seconds 
========================================================================
Received Import Request.
  Time since last request: 0.000028 seconds.
  path: Assets/kenney_platformerkit2/Models/OBJ format/flowers.obj
  artifactKey: Guid(943e6234b7f12db4a8873050f0a385f0) Importer(815301076,1909f56bfc062723c751e8b465ee728b)
Start importing Assets/kenney_platformerkit2/Models/OBJ format/flowers.obj using Guid(943e6234b7f12db4a8873050f0a385f0) Importer(815301076,1909f56bfc062723c751e8b465ee728b)  -> (artifact id: '1020e16e0ec08026a25e26eb389c7aa0') in 0.031083 seconds 
========================================================================
Received Import Request.
  Time since last request: 0.000017 seconds.
  path: Assets/kenney_platformerkit2/Models/OBJ format/flag.obj
  artifactKey: Guid(391e6682b4132134a9bbdf67d66c8883) Importer(815301076,1909f56bfc062723c751e8b465ee728b)
Start importing Assets/kenney_platformerkit2/Models/OBJ format/flag.obj using Guid(391e6682b4132134a9bbdf67d66c8883) Importer(815301076,1909f56bfc062723c751e8b465ee728b)  -> (artifact id: '6a94697e1d61d4b1328f61ddbf419ff1') in 0.030382 seconds 
========================================================================
Received Import Request.
  Time since last request: 0.194680 seconds.
  path: Assets/kenney_platformerkit2/Models/OBJ format/flowersLow.obj
  artifactKey: Guid(953f7dffad0e33c40ba2554aa1df91ef) Importer(815301076,1909f56bfc062723c751e8b465ee728b)
Start importing Assets/kenney_platformerkit2/Models/OBJ format/flowersLow.obj using Guid(953f7dffad0e33c40ba2554aa1df91ef) Importer(815301076,1909f56bfc062723c751e8b465ee728b)  -> (artifact id: '3e15f7786e837e600333de53b3623eb2') in 0.034089 seconds 
========================================================================
Received Import Request.
  Time since last request: 0.021558 seconds.
  path: Assets/kenney_platformerkit2/Models/OBJ format/hedgeCorner.obj
  artifactKey: Guid(d73053c3a9db05a41b2b03ad4100277d) Importer(815301076,1909f56bfc062723c751e8b465ee728b)
Start importing Assets/kenney_platformerkit2/Models/OBJ format/hedgeCorner.obj using Guid(d73053c3a9db05a41b2b03ad4100277d) Importer(815301076,1909f56bfc062723c751e8b465ee728b)  -> (artifact id: '498486057d4b494f51daf12da4fecb22') in 0.023332 seconds 
========================================================================
Received Import Request.
  Time since last request: 0.000018 seconds.
  path: Assets/kenney_platformerkit2/Models/OBJ format/ladderLong.obj
  artifactKey: Guid(e32b93bf0c90da04a9b5c417724f398a) Importer(815301076,1909f56bfc062723c751e8b465ee728b)
Start importing Assets/kenney_platformerkit2/Models/OBJ format/ladderLong.obj using Guid(e32b93bf0c90da04a9b5c417724f398a) Importer(815301076,1909f56bfc062723c751e8b465ee728b)  -> (artifact id: '726b93b1baf74e228e1f070de1418799') in 0.028912 seconds 
========================================================================
Received Import Request.
  Time since last request: 0.000017 seconds.
  path: Assets/kenney_platformerkit2/Models/OBJ format/ladderBroken.obj
  artifactKey: Guid(7a19aa55232526543a68937f88812e02) Importer(815301076,1909f56bfc062723c751e8b465ee728b)
Start importing Assets/kenney_platformerkit2/Models/OBJ format/ladderBroken.obj using Guid(7a19aa55232526543a68937f88812e02) Importer(815301076,1909f56bfc062723c751e8b465ee728b)  -> (artifact id: '1c51ba5ee4948edcc2f639c1446c3270') in 0.030464 seconds 
========================================================================
Received Import Request.
  Time since last request: 0.283050 seconds.
  path: Assets/kenney_platformerkit2/Models/OBJ format/mushrooms.obj
  artifactKey: Guid(bd503475af5c95844954d1000687efee) Importer(815301076,1909f56bfc062723c751e8b465ee728b)
Start importing Assets/kenney_platformerkit2/Models/OBJ format/mushrooms.obj using Guid(bd503475af5c95844954d1000687efee) Importer(815301076,1909f56bfc062723c751e8b465ee728b)  -> (artifact id: 'a4fd8da932bc6a40e69e1ce50f3614af') in 0.028194 seconds 
========================================================================
Received Import Request.
  Time since last request: 0.000015 seconds.
  path: Assets/kenney_platformerkit2/Models/OBJ format/spikes.obj
  artifactKey: Guid(ed9ff1bbe7578e648ac0f1a783d19649) Importer(815301076,1909f56bfc062723c751e8b465ee728b)
Start importing Assets/kenney_platformerkit2/Models/OBJ format/spikes.obj using Guid(ed9ff1bbe7578e648ac0f1a783d19649) Importer(815301076,1909f56bfc062723c751e8b465ee728b)  -> (artifact id: 'e1450567012fc150e48414888dd25dad') in 0.024956 seconds 
========================================================================
Received Import Request.
  Time since last request: 0.000020 seconds.
  path: Assets/kenney_platformerkit2/Models/OBJ format/sign.obj
  artifactKey: Guid(03655a31eb06dc141b22957dbc5c70d6) Importer(815301076,1909f56bfc062723c751e8b465ee728b)
Start importing Assets/kenney_platformerkit2/Models/OBJ format/sign.obj using Guid(03655a31eb06dc141b22957dbc5c70d6) Importer(815301076,1909f56bfc062723c751e8b465ee728b)  -> (artifact id: 'eee4188282f328b7b36a91e018020be1') in 0.035483 seconds 
========================================================================
Received Import Request.
  Time since last request: 0.000018 seconds.
  path: Assets/kenney_platformerkit2/Models/OBJ format/tree.obj
  artifactKey: Guid(754266287bb079f42b817fa4c1cbc696) Importer(815301076,1909f56bfc062723c751e8b465ee728b)
Start importing Assets/kenney_platformerkit2/Models/OBJ format/tree.obj using Guid(754266287bb079f42b817fa4c1cbc696) Importer(815301076,1909f56bfc062723c751e8b465ee728b)  -> (artifact id: 'cd920997a0e9687202a1ab2d040344f3') in 0.027512 seconds 
========================================================================
Received Import Request.
  Time since last request: 0.000018 seconds.
  path: Assets/kenney_platformerkit2/Models/OBJ format/saw.obj
  artifactKey: Guid(6913e28edf46d264d80f7efbb6f0b3f8) Importer(815301076,1909f56bfc062723c751e8b465ee728b)
Start importing Assets/kenney_platformerkit2/Models/OBJ format/saw.obj using Guid(6913e28edf46d264d80f7efbb6f0b3f8) Importer(815301076,1909f56bfc062723c751e8b465ee728b)  -> (artifact id: 'cf02e133196b6844a954d22214d098de') in 0.026485 seconds 
========================================================================
Received Import Request.
  Time since last request: 0.000022 seconds.
  path: Assets/kenney_platformerkit2/Models/OBJ format/treePineSnow.obj
  artifactKey: Guid(d36845c496d8eee42a30b95cbadd3afd) Importer(815301076,1909f56bfc062723c751e8b465ee728b)
Start importing Assets/kenney_platformerkit2/Models/OBJ format/treePineSnow.obj using Guid(d36845c496d8eee42a30b95cbadd3afd) Importer(815301076,1909f56bfc062723c751e8b465ee728b)  -> (artifact id: 'd1c2a2f1028519c6f746cbb1d82ff683') in 0.027386 seconds 
========================================================================
Received Import Request.
  Time since last request: 0.000016 seconds.
  path: Assets/kenney_platformerkit2/Models/OBJ format/treeSnow.obj
  artifactKey: Guid(86be1a26c6f681942bd26d391f2ab164) Importer(815301076,1909f56bfc062723c751e8b465ee728b)
Start importing Assets/kenney_platformerkit2/Models/OBJ format/treeSnow.obj using Guid(86be1a26c6f681942bd26d391f2ab164) Importer(815301076,1909f56bfc062723c751e8b465ee728b)  -> (artifact id: '87f3ed4dee93baca89116f8ed74e4c3a') in 0.026574 seconds 
========================================================================
Received Import Request.
  Time since last request: 273.987722 seconds.
  path: Assets/TextMesh Pro
  artifactKey: Guid(f54d1bd14bd3ca042bd867b519fee8cc) Importer(815301076,1909f56bfc062723c751e8b465ee728b)
Start importing Assets/TextMesh Pro using Guid(f54d1bd14bd3ca042bd867b519fee8cc) Importer(815301076,1909f56bfc062723c751e8b465ee728b)  -> (artifact id: '6d457b26d2bc8024e58729449d46e968') in 0.007387 seconds 
========================================================================
Received Import Request.
  Time since last request: 0.062182 seconds.
  path: Assets/TextMesh Pro/Cube.prefab
  artifactKey: Guid(131fcdd7dd8c90c4bbd48bd47677450c) Importer(815301076,1909f56bfc062723c751e8b465ee728b)
Start importing Assets/TextMesh Pro/Cube.prefab using Guid(131fcdd7dd8c90c4bbd48bd47677450c) Importer(815301076,1909f56bfc062723c751e8b465ee728b)  -> (artifact id: '74d146134da5d6d386070b42f3f42f05') in 0.096186 seconds 
========================================================================
Received Import Request.
  Time since last request: 2.256099 seconds.
  path: Assets/TextMesh Pro/Fonts
  artifactKey: Guid(6ab70aee4d56447429c680537fbf93ed) Importer(815301076,1909f56bfc062723c751e8b465ee728b)
Start importing Assets/TextMesh Pro/Fonts using Guid(6ab70aee4d56447429c680537fbf93ed) Importer(815301076,1909f56bfc062723c751e8b465ee728b)  -> (artifact id: '8cbcf11b9c0db8e93a500315a7744f16') in 0.009214 seconds 
========================================================================
Received Import Request.
  Time since last request: 0.103800 seconds.
  path: Assets/TextMesh Pro/Fonts/LiberationSans.ttf
  artifactKey: Guid(e3265ab4bf004d28a9537516768c1c75) Importer(815301076,1909f56bfc062723c751e8b465ee728b)
Start importing Assets/TextMesh Pro/Fonts/LiberationSans.ttf using Guid(e3265ab4bf004d28a9537516768c1c75) Importer(815301076,1909f56bfc062723c751e8b465ee728b)  -> (artifact id: '86e85d55384b22641579099d0f1ce7e8') in 0.028406 seconds 
========================================================================
Received Import Request.
  Time since last request: 15.603109 seconds.
  path: Assets/TextMesh Pro/coolvetica
  artifactKey: Guid(9a03132734cf0384d9c8a72c4882d7b1) Importer(815301076,1909f56bfc062723c751e8b465ee728b)
Start importing Assets/TextMesh Pro/coolvetica using Guid(9a03132734cf0384d9c8a72c4882d7b1) Importer(815301076,1909f56bfc062723c751e8b465ee728b)  -> (artifact id: 'c721dc130523c69d34f7b18eee6e44ec') in 0.007909 seconds 
========================================================================
Received Import Request.
  Time since last request: 0.066438 seconds.
  path: Assets/TextMesh Pro/coolvetica/coolvetica compressed hv.otf
  artifactKey: Guid(1790222b8e7e5aa4e89cd85278da03a5) Importer(815301076,1909f56bfc062723c751e8b465ee728b)
Start importing Assets/TextMesh Pro/coolvetica/coolvetica compressed hv.otf using Guid(1790222b8e7e5aa4e89cd85278da03a5) Importer(815301076,1909f56bfc062723c751e8b465ee728b)  -> (artifact id: 'ebe3415f3d8f55db550cd6c8278b53f1') in 0.014394 seconds 
========================================================================
Received Import Request.
  Time since last request: 0.000017 seconds.
  path: Assets/TextMesh Pro/coolvetica/coolvetica rg.otf
  artifactKey: Guid(047499c828f00424ca70ec07b10bac39) Importer(815301076,1909f56bfc062723c751e8b465ee728b)
Start importing Assets/TextMesh Pro/coolvetica/coolvetica rg.otf using Guid(047499c828f00424ca70ec07b10bac39) Importer(815301076,1909f56bfc062723c751e8b465ee728b)  -> (artifact id: 'b8658980f9066e9a215afccc4be123b4') in 0.012747 seconds 
========================================================================
Received Import Request.
  Time since last request: 0.000022 seconds.
  path: Assets/TextMesh Pro/coolvetica/coolvetica rg it.otf
  artifactKey: Guid(9788a52e265711c49a3e211ec76313db) Importer(815301076,1909f56bfc062723c751e8b465ee728b)
Start importing Assets/TextMesh Pro/coolvetica/coolvetica rg it.otf using Guid(9788a52e265711c49a3e211ec76313db) Importer(815301076,1909f56bfc062723c751e8b465ee728b)  -> (artifact id: '386f4e8e9104d31062e7bc8047ff34f6') in 0.013152 seconds 
========================================================================
Received Import Request.
  Time since last request: 24.124243 seconds.
  path: Assets/TextMesh Pro/Documentation
  artifactKey: Guid(8e7e8f5a82a3a134e91c54efd2274ea9) Importer(815301076,1909f56bfc062723c751e8b465ee728b)
Start importing Assets/TextMesh Pro/Documentation using Guid(8e7e8f5a82a3a134e91c54efd2274ea9) Importer(815301076,1909f56bfc062723c751e8b465ee728b)  -> (artifact id: '365e95d1c1490fa81b8510ec77c394a2') in 0.006786 seconds 
========================================================================
Received Import Request.
  Time since last request: 6.943000 seconds.
  path: Assets/TextMesh Pro/Resources
  artifactKey: Guid(243e06394e614e5d99fab26083b707fa) Importer(815301076,1909f56bfc062723c751e8b465ee728b)
Start importing Assets/TextMesh Pro/Resources using Guid(243e06394e614e5d99fab26083b707fa) Importer(815301076,1909f56bfc062723c751e8b465ee728b)  -> (artifact id: '4b25fcc2b6957111a9e254e1bce62b86') in 0.008650 seconds 
========================================================================
Received Import Request.
  Time since last request: 0.084138 seconds.
  path: Assets/TextMesh Pro/Resources/TMP Settings.asset
  artifactKey: Guid(3f5b5dff67a942289a9defa416b206f3) Importer(815301076,1909f56bfc062723c751e8b465ee728b)
Start importing Assets/TextMesh Pro/Resources/TMP Settings.asset using Guid(3f5b5dff67a942289a9defa416b206f3) Importer(815301076,1909f56bfc062723c751e8b465ee728b)  -> (artifact id: '2eb606ad70dabfa70adaa1be5ff45163') in 0.040225 seconds 
========================================================================
Received Import Request.
  Time since last request: 9.290870 seconds.
  path: Assets/TextMesh Pro/Resources/Fonts & Materials/LiberationSans SDF - Drop Shadow.mat
  artifactKey: Guid(e73a58f6e2794ae7b1b7e50b7fb811b0) Importer(815301076,1909f56bfc062723c751e8b465ee728b)
Start importing Assets/TextMesh Pro/Resources/Fonts & Materials/LiberationSans SDF - Drop Shadow.mat using Guid(e73a58f6e2794ae7b1b7e50b7fb811b0) Importer(815301076,1909f56bfc062723c751e8b465ee728b)  -> (artifact id: 'df4eb7b772b98722b4a086c7e2c4b862') in 0.088584 seconds 
========================================================================
Received Import Request.
  Time since last request: 0.000017 seconds.
  path: Assets/TextMesh Pro/Resources/Fonts & Materials/LiberationSans SDF.asset
  artifactKey: Guid(8f586378b4e144a9851e7b34d9b748ee) Importer(815301076,1909f56bfc062723c751e8b465ee728b)
Start importing Assets/TextMesh Pro/Resources/Fonts & Materials/LiberationSans SDF.asset using Guid(8f586378b4e144a9851e7b34d9b748ee) Importer(815301076,1909f56bfc062723c751e8b465ee728b)  -> (artifact id: '0048e4185c9dcade99f6cfdbe801cd77') in 0.087692 seconds 
========================================================================
Received Import Request.
  Time since last request: 103.100418 seconds.
  path: Assets/TextMesh Pro/coolvetica/coolvetica compressed hv SDF.asset
  artifactKey: Guid(daaa6dd08eb1065428828b1ca4b59f82) Importer(815301076,1909f56bfc062723c751e8b465ee728b)
Start importing Assets/TextMesh Pro/coolvetica/coolvetica compressed hv SDF.asset using Guid(daaa6dd08eb1065428828b1ca4b59f82) Importer(815301076,1909f56bfc062723c751e8b465ee728b)  -> (artifact id: '2e6b30263bd08fa198e1dfb9324e99a7') in 0.063099 seconds 
========================================================================
Received Import Request.
  Time since last request: 50.658621 seconds.
  path: Assets/TextMesh Pro/coolvetica/coolvetica compressed hv SDF.asset
  artifactKey: Guid(daaa6dd08eb1065428828b1ca4b59f82) Importer(815301076,1909f56bfc062723c751e8b465ee728b)
Start importing Assets/TextMesh Pro/coolvetica/coolvetica compressed hv SDF.asset using Guid(daaa6dd08eb1065428828b1ca4b59f82) Importer(815301076,1909f56bfc062723c751e8b465ee728b)  -> (artifact id: '3b905e632e2353f805a68ce8b7acd53e') in 0.055276 seconds 
========================================================================
Received Import Request.
  Time since last request: 8.017982 seconds.
  path: Assets/TextMesh Pro/coolvetica/coolvetica crammed rg SDF.asset
  artifactKey: Guid(eb31661c762aa224abb48cd172b47193) Importer(815301076,1909f56bfc062723c751e8b465ee728b)
Start importing Assets/TextMesh Pro/coolvetica/coolvetica crammed rg SDF.asset using Guid(eb31661c762aa224abb48cd172b47193) Importer(815301076,1909f56bfc062723c751e8b465ee728b)  -> (artifact id: '4ecdf1bfaff24a765ec6ca555516081e') in 0.044731 seconds 
========================================================================
Received Import Request.
  Time since last request: 12.973047 seconds.
  path: Assets/TextMesh Pro/coolvetica/coolvetica rg it SDF.asset
  artifactKey: Guid(3e4d7b4d0e12e2d4b88325ede91f4fef) Importer(815301076,1909f56bfc062723c751e8b465ee728b)
Start importing Assets/TextMesh Pro/coolvetica/coolvetica rg it SDF.asset using Guid(3e4d7b4d0e12e2d4b88325ede91f4fef) Importer(815301076,1909f56bfc062723c751e8b465ee728b)  -> (artifact id: '3c7b560e008c4f07eb791b9a61639690') in 0.042889 seconds 
========================================================================
Received Import Request.
  Time since last request: 6.804127 seconds.
  path: Assets/TextMesh Pro/coolvetica/coolvetica rg SDF.asset
  artifactKey: Guid(0a723875e80f77444a618703f5b904ea) Importer(815301076,1909f56bfc062723c751e8b465ee728b)
Start importing Assets/TextMesh Pro/coolvetica/coolvetica rg SDF.asset using Guid(0a723875e80f77444a618703f5b904ea) Importer(815301076,1909f56bfc062723c751e8b465ee728b)  -> (artifact id: '2b2dd422daf5630ea546b763aec6ab09') in 0.044847 seconds 
========================================================================
Received Prepare
Registering precompiled user dll's ...
Registered in 0.002188 seconds.
Begin MonoManager ReloadAssembly
Native extension for WindowsStandalone target not found
Native extension for WebGL target not found
Refreshing native plugins compatible for Editor in 0.47 ms, found 4 plugins.
Preloading 0 native plugins for Editor in 0.00 ms.
Mono: successfully reloaded assembly
- Completed reload, in  0.810 seconds
Domain Reload Profiling:
	ReloadAssembly (811ms)
		BeginReloadAssembly (120ms)
			ExecutionOrderSort (0ms)
			DisableScriptedObjects (7ms)
			BackupInstance (0ms)
			ReleaseScriptingObjects (0ms)
			CreateAndSetChildDomain (31ms)
		EndReloadAssembly (601ms)
			LoadAssemblies (68ms)
			RebuildTransferFunctionScriptingTraits (0ms)
			SetupTypeCache (167ms)
			ReleaseScriptCaches (1ms)
			RebuildScriptCaches (41ms)
			SetupLoadedEditorAssemblies (289ms)
				LogAssemblyErrors (0ms)
				InitializePlatformSupportModulesInManaged (5ms)
				SetLoadedEditorAssemblies (0ms)
				RefreshPlugins (1ms)
				BeforeProcessingInitializeOnLoad (43ms)
				ProcessInitializeOnLoadAttributes (209ms)
				ProcessInitializeOnLoadMethodAttributes (26ms)
				AfterProcessingInitializeOnLoad (5ms)
				EditorAssembliesLoaded (0ms)
			ExecutionOrderSort2 (0ms)
			AwakeInstancesAfterBackupRestoration (7ms)
Platform modules already initialized, skipping
Refreshing native plugins compatible for Editor in 1.89 ms, found 4 plugins.
Preloading 0 native plugins for Editor in 0.00 ms.
Unloading 1740 Unused Serialized files (Serialized files now loaded: 0)
Unloading 13 unused Assets / (95.4 KB). Loaded Objects now: 2331.
Memory consumption went from 82.8 MB to 82.7 MB.
Total: 2.476500 ms (FindLiveObjects: 0.149900 ms CreateObjectMapping: 0.060900 ms MarkObjects: 2.235700 ms  DeleteObjects: 0.028400 ms)

AssetImportParameters requested are different than current active one (requested -> active):
  custom:video-decoder-ogg-theora: a1e56fd34408186e4bbccfd4996cb3dc -> 
  custom:container-muxer-webm: aa71ff27fc2769a1b78a27578f13a17b -> 
  custom:container-demuxer-webm: 4f35f7cbe854078d1ac9338744f61a02 -> 
  custom:video-encoder-webm-vp8: eb34c28f22e8b96e1ab97ce403110664 -> 
  custom:video-codec-MediaFoundation-h265: 746d11721c4dcdbdad8f713fa42b33f4 -> 
  custom:audio-encoder-webm-vorbis: bf7c407c2cedff20999df2af8eb42d56 -> 
  custom:framework-win-MediaFoundation: 216162199b28c13a410421893ffa2e32 -> 
  custom:container-demuxer-ogg: 62fdf1f143b41e24485cea50d1cbac27 -> 
  custom:video-decoder-webm-vp8: 9c59270c3fd7afecdb556c50c9e8de78 -> 
  custom:audio-decoder-ogg-vorbis: bf7c407c2cedff20999df2af8eb42d56 -> 
========================================================================
Received Prepare
Registering precompiled user dll's ...
Registered in 0.002064 seconds.
Begin MonoManager ReloadAssembly
Native extension for WindowsStandalone target not found
Native extension for WebGL target not found
Refreshing native plugins compatible for Editor in 0.46 ms, found 4 plugins.
Preloading 0 native plugins for Editor in 0.00 ms.
Mono: successfully reloaded assembly
- Completed reload, in  0.797 seconds
Domain Reload Profiling:
	ReloadAssembly (798ms)
		BeginReloadAssembly (114ms)
			ExecutionOrderSort (0ms)
			DisableScriptedObjects (6ms)
			BackupInstance (0ms)
			ReleaseScriptingObjects (0ms)
			CreateAndSetChildDomain (25ms)
		EndReloadAssembly (600ms)
			LoadAssemblies (71ms)
			RebuildTransferFunctionScriptingTraits (0ms)
			SetupTypeCache (164ms)
			ReleaseScriptCaches (1ms)
			RebuildScriptCaches (43ms)
			SetupLoadedEditorAssemblies (283ms)
				LogAssemblyErrors (0ms)
				InitializePlatformSupportModulesInManaged (5ms)
				SetLoadedEditorAssemblies (0ms)
				RefreshPlugins (0ms)
				BeforeProcessingInitializeOnLoad (42ms)
				ProcessInitializeOnLoadAttributes (205ms)
				ProcessInitializeOnLoadMethodAttributes (25ms)
				AfterProcessingInitializeOnLoad (5ms)
				EditorAssembliesLoaded (0ms)
			ExecutionOrderSort2 (0ms)
			AwakeInstancesAfterBackupRestoration (7ms)
Platform modules already initialized, skipping
Refreshing native plugins compatible for Editor in 1.48 ms, found 4 plugins.
Preloading 0 native plugins for Editor in 0.00 ms.
Unloading 1740 Unused Serialized files (Serialized files now loaded: 0)
Unloading 13 unused Assets / (95.3 KB). Loaded Objects now: 2346.
Memory consumption went from 82.8 MB to 82.7 MB.
Total: 2.286900 ms (FindLiveObjects: 0.164700 ms CreateObjectMapping: 0.071600 ms MarkObjects: 2.020600 ms  DeleteObjects: 0.029100 ms)

AssetImportParameters requested are different than current active one (requested -> active):
  custom:video-decoder-ogg-theora: a1e56fd34408186e4bbccfd4996cb3dc -> 
  custom:container-muxer-webm: aa71ff27fc2769a1b78a27578f13a17b -> 
  custom:container-demuxer-webm: 4f35f7cbe854078d1ac9338744f61a02 -> 
  custom:video-encoder-webm-vp8: eb34c28f22e8b96e1ab97ce403110664 -> 
  custom:video-codec-MediaFoundation-h265: 746d11721c4dcdbdad8f713fa42b33f4 -> 
  custom:audio-encoder-webm-vorbis: bf7c407c2cedff20999df2af8eb42d56 -> 
  custom:framework-win-MediaFoundation: 216162199b28c13a410421893ffa2e32 -> 
  custom:container-demuxer-ogg: 62fdf1f143b41e24485cea50d1cbac27 -> 
  custom:video-decoder-webm-vp8: 9c59270c3fd7afecdb556c50c9e8de78 -> 
  custom:audio-decoder-ogg-vorbis: bf7c407c2cedff20999df2af8eb42d56 -> 
========================================================================
Received Prepare
Registering precompiled user dll's ...
Registered in 0.002361 seconds.
Begin MonoManager ReloadAssembly
Native extension for WindowsStandalone target not found
Native extension for WebGL target not found
Refreshing native plugins compatible for Editor in 0.44 ms, found 4 plugins.
Preloading 0 native plugins for Editor in 0.00 ms.
Mono: successfully reloaded assembly
- Completed reload, in  0.777 seconds
Domain Reload Profiling:
	ReloadAssembly (778ms)
		BeginReloadAssembly (114ms)
			ExecutionOrderSort (0ms)
			DisableScriptedObjects (6ms)
			BackupInstance (0ms)
			ReleaseScriptingObjects (0ms)
			CreateAndSetChildDomain (26ms)
		EndReloadAssembly (582ms)
			LoadAssemblies (68ms)
			RebuildTransferFunctionScriptingTraits (0ms)
			SetupTypeCache (161ms)
			ReleaseScriptCaches (1ms)
			RebuildScriptCaches (41ms)
			SetupLoadedEditorAssemblies (279ms)
				LogAssemblyErrors (0ms)
				InitializePlatformSupportModulesInManaged (6ms)
				SetLoadedEditorAssemblies (0ms)
				RefreshPlugins (0ms)
				BeforeProcessingInitializeOnLoad (43ms)
				ProcessInitializeOnLoadAttributes (201ms)
				ProcessInitializeOnLoadMethodAttributes (24ms)
				AfterProcessingInitializeOnLoad (5ms)
				EditorAssembliesLoaded (0ms)
			ExecutionOrderSort2 (0ms)
			AwakeInstancesAfterBackupRestoration (6ms)
Platform modules already initialized, skipping
Refreshing native plugins compatible for Editor in 1.42 ms, found 4 plugins.
Preloading 0 native plugins for Editor in 0.00 ms.
Unloading 1740 Unused Serialized files (Serialized files now loaded: 0)
Unloading 13 unused Assets / (95.4 KB). Loaded Objects now: 2361.
Memory consumption went from 82.8 MB to 82.7 MB.
Total: 2.666100 ms (FindLiveObjects: 0.158400 ms CreateObjectMapping: 0.082900 ms MarkObjects: 2.392200 ms  DeleteObjects: 0.031500 ms)

AssetImportParameters requested are different than current active one (requested -> active):
  custom:video-decoder-ogg-theora: a1e56fd34408186e4bbccfd4996cb3dc -> 
  custom:container-muxer-webm: aa71ff27fc2769a1b78a27578f13a17b -> 
  custom:container-demuxer-webm: 4f35f7cbe854078d1ac9338744f61a02 -> 
  custom:video-encoder-webm-vp8: eb34c28f22e8b96e1ab97ce403110664 -> 
  custom:video-codec-MediaFoundation-h265: 746d11721c4dcdbdad8f713fa42b33f4 -> 
  custom:audio-encoder-webm-vorbis: bf7c407c2cedff20999df2af8eb42d56 -> 
  custom:framework-win-MediaFoundation: 216162199b28c13a410421893ffa2e32 -> 
  custom:container-demuxer-ogg: 62fdf1f143b41e24485cea50d1cbac27 -> 
  custom:video-decoder-webm-vp8: 9c59270c3fd7afecdb556c50c9e8de78 -> 
  custom:audio-decoder-ogg-vorbis: bf7c407c2cedff20999df2af8eb42d56 -> 
========================================================================
Received Import Request.
  Time since last request: 356.192142 seconds.
  path: Assets/Scripts
  artifactKey: Guid(28b59d5d326f6c5468d3230410800f92) Importer(815301076,1909f56bfc062723c751e8b465ee728b)
Start importing Assets/Scripts using Guid(28b59d5d326f6c5468d3230410800f92) Importer(815301076,1909f56bfc062723c751e8b465ee728b)  -> (artifact id: '7ae4762f2d3136e9b378acc8b55c544f') in 0.009482 seconds 
========================================================================
Received Import Request.
  Time since last request: 3.984317 seconds.
  path: Assets/Scripts/Spain_without_the_a.cs
  artifactKey: Guid(498b0d427360def42a80f5b8d42bc533) Importer(815301076,1909f56bfc062723c751e8b465ee728b)
Start importing Assets/Scripts/Spain_without_the_a.cs using Guid(498b0d427360def42a80f5b8d42bc533) Importer(815301076,1909f56bfc062723c751e8b465ee728b)  -> (artifact id: '22dbeb06e6424d060432bbbd0da34924') in 0.017278 seconds 
========================================================================
Received Import Request.
  Time since last request: 0.496099 seconds.
  path: Assets/Scripts/VisualDefAsset.cs
  artifactKey: Guid(68f0d60651ac3af4f86c64eef16302ef) Importer(815301076,1909f56bfc062723c751e8b465ee728b)
Start importing Assets/Scripts/VisualDefAsset.cs using Guid(68f0d60651ac3af4f86c64eef16302ef) Importer(815301076,1909f56bfc062723c751e8b465ee728b)  -> (artifact id: '0e4088292f16cd16bd8f645f85f0823c') in 0.007241 seconds 
========================================================================
Received Import Request.
  Time since last request: 0.475711 seconds.
  path: Assets/Scripts/PlayerController.cs
  artifactKey: Guid(e8d3644452d844e4b8c0052c4ca6bccd) Importer(815301076,1909f56bfc062723c751e8b465ee728b)
Start importing Assets/Scripts/PlayerController.cs using Guid(e8d3644452d844e4b8c0052c4ca6bccd) Importer(815301076,1909f56bfc062723c751e8b465ee728b)  -> (artifact id: 'd1f5e99f44bfa9cba9ca70047d835c16') in 0.008988 seconds 
========================================================================
Received Import Request.
  Time since last request: 0.657911 seconds.
  path: Assets/Scripts/AssetListItem.cs
  artifactKey: Guid(136070eefc98bdd439699c68bb6b77f9) Importer(815301076,1909f56bfc062723c751e8b465ee728b)
Start importing Assets/Scripts/AssetListItem.cs using Guid(136070eefc98bdd439699c68bb6b77f9) Importer(815301076,1909f56bfc062723c751e8b465ee728b)  -> (artifact id: '39db68cdcc9455738a4d86f621013989') in 0.007116 seconds 
========================================================================
Received Import Request.
  Time since last request: 0.640306 seconds.
  path: Assets/Scripts/BuildingSystem.cs
  artifactKey: Guid(fdeccba89bb5bac4ba3d410567cae7b9) Importer(815301076,1909f56bfc062723c751e8b465ee728b)
Start importing Assets/Scripts/BuildingSystem.cs using Guid(fdeccba89bb5bac4ba3d410567cae7b9) Importer(815301076,1909f56bfc062723c751e8b465ee728b)  -> (artifact id: 'afb618330413a1d7f0b819f8a29c7de8') in 0.006717 seconds 
========================================================================
Received Import Request.
  Time since last request: 2.989940 seconds.
  path: Assets/Scripts/AssetList.cs
  artifactKey: Guid(a8d5faf0ae583b147836c5ba0737c737) Importer(815301076,1909f56bfc062723c751e8b465ee728b)
Start importing Assets/Scripts/AssetList.cs using Guid(a8d5faf0ae583b147836c5ba0737c737) Importer(815301076,1909f56bfc062723c751e8b465ee728b)  -> (artifact id: 'e5dc937986036e28f59008f6520fc738') in 0.007084 seconds 
========================================================================
Received Import Request.
  Time since last request: 2.137931 seconds.
  path: Assets/Scripts/Buttons.cs
  artifactKey: Guid(cc51ea401dab844418689634593653a9) Importer(815301076,1909f56bfc062723c751e8b465ee728b)
Start importing Assets/Scripts/Buttons.cs using Guid(cc51ea401dab844418689634593653a9) Importer(815301076,1909f56bfc062723c751e8b465ee728b)  -> (artifact id: 'e047ee74167b0e3ce77aad46074eb91c') in 0.008158 seconds 
========================================================================
Received Prepare
Registering precompiled user dll's ...
Registered in 0.001718 seconds.
Begin MonoManager ReloadAssembly
Native extension for WindowsStandalone target not found
Native extension for WebGL target not found
Refreshing native plugins compatible for Editor in 0.51 ms, found 4 plugins.
Preloading 0 native plugins for Editor in 0.00 ms.
Mono: successfully reloaded assembly
- Completed reload, in  0.817 seconds
Domain Reload Profiling:
	ReloadAssembly (817ms)
		BeginReloadAssembly (116ms)
			ExecutionOrderSort (0ms)
			DisableScriptedObjects (7ms)
			BackupInstance (0ms)
			ReleaseScriptingObjects (0ms)
			CreateAndSetChildDomain (26ms)
		EndReloadAssembly (614ms)
			LoadAssemblies (71ms)
			RebuildTransferFunctionScriptingTraits (0ms)
			SetupTypeCache (164ms)
			ReleaseScriptCaches (1ms)
			RebuildScriptCaches (44ms)
			SetupLoadedEditorAssemblies (299ms)
				LogAssemblyErrors (0ms)
				InitializePlatformSupportModulesInManaged (6ms)
				SetLoadedEditorAssemblies (0ms)
				RefreshPlugins (1ms)
				BeforeProcessingInitializeOnLoad (45ms)
				ProcessInitializeOnLoadAttributes (216ms)
				ProcessInitializeOnLoadMethodAttributes (26ms)
				AfterProcessingInitializeOnLoad (5ms)
				EditorAssembliesLoaded (0ms)
			ExecutionOrderSort2 (0ms)
			AwakeInstancesAfterBackupRestoration (6ms)
Platform modules already initialized, skipping
Refreshing native plugins compatible for Editor in 1.57 ms, found 4 plugins.
Preloading 0 native plugins for Editor in 0.00 ms.
Unloading 1740 Unused Serialized files (Serialized files now loaded: 0)
Unloading 13 unused Assets / (95.3 KB). Loaded Objects now: 2376.
Memory consumption went from 82.8 MB to 82.8 MB.
Total: 2.661700 ms (FindLiveObjects: 0.164600 ms CreateObjectMapping: 0.058900 ms MarkObjects: 2.404700 ms  DeleteObjects: 0.032600 ms)

AssetImportParameters requested are different than current active one (requested -> active):
  custom:video-decoder-ogg-theora: a1e56fd34408186e4bbccfd4996cb3dc -> 
  custom:container-muxer-webm: aa71ff27fc2769a1b78a27578f13a17b -> 
  custom:container-demuxer-webm: 4f35f7cbe854078d1ac9338744f61a02 -> 
  custom:video-encoder-webm-vp8: eb34c28f22e8b96e1ab97ce403110664 -> 
  custom:video-codec-MediaFoundation-h265: 746d11721c4dcdbdad8f713fa42b33f4 -> 
  custom:audio-encoder-webm-vorbis: bf7c407c2cedff20999df2af8eb42d56 -> 
  custom:framework-win-MediaFoundation: 216162199b28c13a410421893ffa2e32 -> 
  custom:container-demuxer-ogg: 62fdf1f143b41e24485cea50d1cbac27 -> 
  custom:video-decoder-webm-vp8: 9c59270c3fd7afecdb556c50c9e8de78 -> 
  custom:audio-decoder-ogg-vorbis: bf7c407c2cedff20999df2af8eb42d56 -> 
========================================================================
Received Import Request.
  Time since last request: 5529.660004 seconds.
  path: Assets/Screenshot 2023-05-15 171624.png
  artifactKey: Guid(4e665e191636adf4fab7777a45b5e41c) Importer(815301076,1909f56bfc062723c751e8b465ee728b)
Start importing Assets/Screenshot 2023-05-15 171624.png using Guid(4e665e191636adf4fab7777a45b5e41c) Importer(815301076,1909f56bfc062723c751e8b465ee728b)  -> (artifact id: 'ba4ad65c1b1ccdbe7b305b15a6af9d3e') in 0.043534 seconds 
========================================================================
Received Import Request.
  Time since last request: 54.287210 seconds.
  path: Assets/Screenshot 2023-05-15 171624.png
  artifactKey: Guid(4e665e191636adf4fab7777a45b5e41c) Importer(815301076,1909f56bfc062723c751e8b465ee728b)
Start importing Assets/Screenshot 2023-05-15 171624.png using Guid(4e665e191636adf4fab7777a45b5e41c) Importer(815301076,1909f56bfc062723c751e8b465ee728b)  -> (artifact id: '9358451c7c8894576a7f04d163f3df4b') in 0.059303 seconds 
========================================================================
Received Import Request.
  Time since last request: 39.618117 seconds.
  path: Assets/PauseMenu.cs
  artifactKey: Guid(97a1b6652f966e146a083eff4630147a) Importer(815301076,1909f56bfc062723c751e8b465ee728b)
Start importing Assets/PauseMenu.cs using Guid(97a1b6652f966e146a083eff4630147a) Importer(815301076,1909f56bfc062723c751e8b465ee728b)  -> (artifact id: '93301871d216e6abcdfe261fd80b5a62') in 0.007312 seconds 
========================================================================
Received Import Request.
  Time since last request: 1.228090 seconds.
  path: Assets/Data
  artifactKey: Guid(7c3e8e06124d22140b597d18a1313927) Importer(815301076,1909f56bfc062723c751e8b465ee728b)
Start importing Assets/Data using Guid(7c3e8e06124d22140b597d18a1313927) Importer(815301076,1909f56bfc062723c751e8b465ee728b)  -> (artifact id: '0d4f535a710a57ad9792a74cf0f8a4a8') in 0.006842 seconds 
========================================================================
Received Import Request.
  Time since last request: 0.982881 seconds.
  path: Assets/SimplePixelUI
  artifactKey: Guid(549e3c911bcbcec42b9502f5455c6643) Importer(815301076,1909f56bfc062723c751e8b465ee728b)
Start importing Assets/SimplePixelUI using Guid(549e3c911bcbcec42b9502f5455c6643) Importer(815301076,1909f56bfc062723c751e8b465ee728b)  -> (artifact id: '4bedf7b439517c4f874436d8a6f92b17') in 0.006673 seconds 
========================================================================
Received Prepare
Registering precompiled user dll's ...
Registered in 0.001722 seconds.
Begin MonoManager ReloadAssembly
Native extension for WindowsStandalone target not found
Native extension for WebGL target not found
Refreshing native plugins compatible for Editor in 0.44 ms, found 4 plugins.
Preloading 0 native plugins for Editor in 0.00 ms.
Mono: successfully reloaded assembly
- Completed reload, in  0.795 seconds
Domain Reload Profiling:
	ReloadAssembly (795ms)
		BeginReloadAssembly (115ms)
			ExecutionOrderSort (0ms)
			DisableScriptedObjects (6ms)
			BackupInstance (0ms)
			ReleaseScriptingObjects (0ms)
			CreateAndSetChildDomain (26ms)
		EndReloadAssembly (597ms)
			LoadAssemblies (70ms)
			RebuildTransferFunctionScriptingTraits (0ms)
			SetupTypeCache (164ms)
			ReleaseScriptCaches (1ms)
			RebuildScriptCaches (42ms)
			SetupLoadedEditorAssemblies (290ms)
				LogAssemblyErrors (0ms)
				InitializePlatformSupportModulesInManaged (6ms)
				SetLoadedEditorAssemblies (0ms)
				RefreshPlugins (0ms)
				BeforeProcessingInitializeOnLoad (42ms)
				ProcessInitializeOnLoadAttributes (211ms)
				ProcessInitializeOnLoadMethodAttributes (25ms)
				AfterProcessingInitializeOnLoad (5ms)
				EditorAssembliesLoaded (0ms)
			ExecutionOrderSort2 (0ms)
			AwakeInstancesAfterBackupRestoration (6ms)
Platform modules already initialized, skipping
Refreshing native plugins compatible for Editor in 1.55 ms, found 4 plugins.
Preloading 0 native plugins for Editor in 0.00 ms.
Unloading 1740 Unused Serialized files (Serialized files now loaded: 0)
Unloading 13 unused Assets / (95.3 KB). Loaded Objects now: 2394.
Memory consumption went from 82.9 MB to 82.8 MB.
Total: 2.508900 ms (FindLiveObjects: 0.148700 ms CreateObjectMapping: 0.055600 ms MarkObjects: 2.271700 ms  DeleteObjects: 0.031600 ms)

AssetImportParameters requested are different than current active one (requested -> active):
  custom:video-decoder-ogg-theora: a1e56fd34408186e4bbccfd4996cb3dc -> 
  custom:container-muxer-webm: aa71ff27fc2769a1b78a27578f13a17b -> 
  custom:container-demuxer-webm: 4f35f7cbe854078d1ac9338744f61a02 -> 
  custom:video-encoder-webm-vp8: eb34c28f22e8b96e1ab97ce403110664 -> 
  custom:video-codec-MediaFoundation-h265: 746d11721c4dcdbdad8f713fa42b33f4 -> 
  custom:audio-encoder-webm-vorbis: bf7c407c2cedff20999df2af8eb42d56 -> 
  custom:framework-win-MediaFoundation: 216162199b28c13a410421893ffa2e32 -> 
  custom:container-demuxer-ogg: 62fdf1f143b41e24485cea50d1cbac27 -> 
  custom:video-decoder-webm-vp8: 9c59270c3fd7afecdb556c50c9e8de78 -> 
  custom:audio-decoder-ogg-vorbis: bf7c407c2cedff20999df2af8eb42d56 -> 
========================================================================
Received Prepare
Registering precompiled user dll's ...
Registered in 0.002736 seconds.
Begin MonoManager ReloadAssembly
Native extension for WindowsStandalone target not found
Native extension for WebGL target not found
Refreshing native plugins compatible for Editor in 0.44 ms, found 4 plugins.
Preloading 0 native plugins for Editor in 0.00 ms.
Mono: successfully reloaded assembly
- Completed reload, in  0.777 seconds
Domain Reload Profiling:
	ReloadAssembly (778ms)
		BeginReloadAssembly (111ms)
			ExecutionOrderSort (0ms)
			DisableScriptedObjects (6ms)
			BackupInstance (0ms)
			ReleaseScriptingObjects (0ms)
			CreateAndSetChildDomain (25ms)
		EndReloadAssembly (583ms)
			LoadAssemblies (66ms)
			RebuildTransferFunctionScriptingTraits (0ms)
			SetupTypeCache (162ms)
			ReleaseScriptCaches (1ms)
			RebuildScriptCaches (44ms)
			SetupLoadedEditorAssemblies (279ms)
				LogAssemblyErrors (0ms)
				InitializePlatformSupportModulesInManaged (6ms)
				SetLoadedEditorAssemblies (0ms)
				RefreshPlugins (0ms)
				BeforeProcessingInitializeOnLoad (41ms)
				ProcessInitializeOnLoadAttributes (203ms)
				ProcessInitializeOnLoadMethodAttributes (22ms)
				AfterProcessingInitializeOnLoad (4ms)
				EditorAssembliesLoaded (0ms)
			ExecutionOrderSort2 (0ms)
			AwakeInstancesAfterBackupRestoration (5ms)
Platform modules already initialized, skipping
Refreshing native plugins compatible for Editor in 1.38 ms, found 4 plugins.
Preloading 0 native plugins for Editor in 0.00 ms.
Unloading 1740 Unused Serialized files (Serialized files now loaded: 0)
Unloading 13 unused Assets / (95.4 KB). Loaded Objects now: 2409.
Memory consumption went from 82.9 MB to 82.8 MB.
Total: 2.320300 ms (FindLiveObjects: 0.153000 ms CreateObjectMapping: 0.056400 ms MarkObjects: 2.072000 ms  DeleteObjects: 0.038200 ms)

AssetImportParameters requested are different than current active one (requested -> active):
  custom:video-decoder-ogg-theora: a1e56fd34408186e4bbccfd4996cb3dc -> 
  custom:container-muxer-webm: aa71ff27fc2769a1b78a27578f13a17b -> 
  custom:container-demuxer-webm: 4f35f7cbe854078d1ac9338744f61a02 -> 
  custom:video-encoder-webm-vp8: eb34c28f22e8b96e1ab97ce403110664 -> 
  custom:video-codec-MediaFoundation-h265: 746d11721c4dcdbdad8f713fa42b33f4 -> 
  custom:audio-encoder-webm-vorbis: bf7c407c2cedff20999df2af8eb42d56 -> 
  custom:framework-win-MediaFoundation: 216162199b28c13a410421893ffa2e32 -> 
  custom:container-demuxer-ogg: 62fdf1f143b41e24485cea50d1cbac27 -> 
  custom:video-decoder-webm-vp8: 9c59270c3fd7afecdb556c50c9e8de78 -> 
  custom:audio-decoder-ogg-vorbis: bf7c407c2cedff20999df2af8eb42d56 -> 
========================================================================
Received Import Request.
  Time since last request: 42.984897 seconds.
  path: Assets/Scripts/Spain_without_the_a.cs
  artifactKey: Guid(498b0d427360def42a80f5b8d42bc533) Importer(815301076,1909f56bfc062723c751e8b465ee728b)
Start importing Assets/Scripts/Spain_without_the_a.cs using Guid(498b0d427360def42a80f5b8d42bc533) Importer(815301076,1909f56bfc062723c751e8b465ee728b)  -> (artifact id: '5bf257fde1bb4edeca41a9cfb6e16812') in 0.003867 seconds 
========================================================================
Received Import Request.
  Time since last request: 339.392042 seconds.
  path: Assets/Scripts/241.png
  artifactKey: Guid(a16bef3b3c3ea9a4189bb92e4c9a3903) Importer(815301076,1909f56bfc062723c751e8b465ee728b)
Start importing Assets/Scripts/241.png using Guid(a16bef3b3c3ea9a4189bb92e4c9a3903) Importer(815301076,1909f56bfc062723c751e8b465ee728b)  -> (artifact id: 'acae4d6be9268ebb9a2f2a97955b6370') in 0.041487 seconds 
========================================================================
Received Import Request.
  Time since last request: 42.202173 seconds.
  path: Assets/241.png
  artifactKey: Guid(a16bef3b3c3ea9a4189bb92e4c9a3903) Importer(815301076,1909f56bfc062723c751e8b465ee728b)
Start importing Assets/241.png using Guid(a16bef3b3c3ea9a4189bb92e4c9a3903) Importer(815301076,1909f56bfc062723c751e8b465ee728b)  -> (artifact id: 'ab5cb9d71fd8814f40d49807ff131d44') in 0.038046 seconds 
========================================================================
Received Prepare
Registering precompiled user dll's ...
Registered in 0.001756 seconds.
Begin MonoManager ReloadAssembly
Native extension for WindowsStandalone target not found
Native extension for WebGL target not found
Refreshing native plugins compatible for Editor in 0.50 ms, found 4 plugins.
Preloading 0 native plugins for Editor in 0.00 ms.
Mono: successfully reloaded assembly
- Completed reload, in  0.821 seconds
Domain Reload Profiling:
	ReloadAssembly (821ms)
		BeginReloadAssembly (117ms)
			ExecutionOrderSort (0ms)
			DisableScriptedObjects (6ms)
			BackupInstance (0ms)
			ReleaseScriptingObjects (0ms)
			CreateAndSetChildDomain (28ms)
		EndReloadAssembly (618ms)
			LoadAssemblies (71ms)
			RebuildTransferFunctionScriptingTraits (0ms)
			SetupTypeCache (169ms)
			ReleaseScriptCaches (1ms)
			RebuildScriptCaches (43ms)
			SetupLoadedEditorAssemblies (299ms)
				LogAssemblyErrors (0ms)
				InitializePlatformSupportModulesInManaged (6ms)
				SetLoadedEditorAssemblies (0ms)
				RefreshPlugins (1ms)
				BeforeProcessingInitializeOnLoad (42ms)
				ProcessInitializeOnLoadAttributes (219ms)
				ProcessInitializeOnLoadMethodAttributes (25ms)
				AfterProcessingInitializeOnLoad (5ms)
				EditorAssembliesLoaded (0ms)
			ExecutionOrderSort2 (0ms)
			AwakeInstancesAfterBackupRestoration (6ms)
Platform modules already initialized, skipping
Refreshing native plugins compatible for Editor in 1.78 ms, found 4 plugins.
Preloading 0 native plugins for Editor in 0.00 ms.
Unloading 1740 Unused Serialized files (Serialized files now loaded: 0)
Unloading 13 unused Assets / (95.4 KB). Loaded Objects now: 2424.
Memory consumption went from 82.9 MB to 82.8 MB.
Total: 2.319200 ms (FindLiveObjects: 0.172200 ms CreateObjectMapping: 0.089400 ms MarkObjects: 2.025900 ms  DeleteObjects: 0.030800 ms)

AssetImportParameters requested are different than current active one (requested -> active):
  custom:video-decoder-ogg-theora: a1e56fd34408186e4bbccfd4996cb3dc -> 
  custom:container-muxer-webm: aa71ff27fc2769a1b78a27578f13a17b -> 
  custom:container-demuxer-webm: 4f35f7cbe854078d1ac9338744f61a02 -> 
  custom:video-encoder-webm-vp8: eb34c28f22e8b96e1ab97ce403110664 -> 
  custom:video-codec-MediaFoundation-h265: 746d11721c4dcdbdad8f713fa42b33f4 -> 
  custom:audio-encoder-webm-vorbis: bf7c407c2cedff20999df2af8eb42d56 -> 
  custom:framework-win-MediaFoundation: 216162199b28c13a410421893ffa2e32 -> 
  custom:container-demuxer-ogg: 62fdf1f143b41e24485cea50d1cbac27 -> 
  custom:video-decoder-webm-vp8: 9c59270c3fd7afecdb556c50c9e8de78 -> 
  custom:audio-decoder-ogg-vorbis: bf7c407c2cedff20999df2af8eb42d56 -> 
